# JRE version: OpenJDK Runtime Environment Temurin-21.0.10+7 (21.0.10+7) (build 21.0.10+7-LTS)
# Java VM: OpenJDK 64-Bit Server VM Temurin-21.0.10+7 (21.0.10+7-LTS, mixed mode, sharing, tiered, compressed oops, compressed class ptrs, parallel gc, windows-amd64)
GC Precious Log:
 CardTable entry size: 512
 CPUs: 8 total, 8 available
 Memory: 8030M
 Large Page Support: Disabled
 NUMA Support: Disabled
 Compressed Oops: Enabled (32-bit)
 Alignments: Space 512K, Generation 512K, Heap 2M
 Heap Min Capacity: 100M
 Heap Initial Capacity: 100M
 Heap Max Capacity: 2G
 Pre-touch: Disabled
 Parallel Workers: 8
Heap:
 PSYoungGen      total 3584K, used 3023K [0x00000000d5580000, 0x00000000d5a00000, 0x0000000100000000)
  eden space 2560K, 94% used [0x00000000d5580000,0x00000000d57decc8,0x00000000d5800000)
  from space 1024K, 58% used [0x00000000d5800000,0x00000000d5895200,0x00000000d5900000)
  to   space 1024K, 0% used [0x00000000d5900000,0x00000000d5900000,0x00000000d5a00000)
 ParOldGen       total 957440K, used 247692K [0x0000000080000000, 0x00000000ba700000, 0x00000000d5580000)
  object space 957440K, 25% used [0x0000000080000000,0x000000008f1e31b0,0x00000000ba700000)
 Metaspace       used 86343K, committed 88064K, reserved 1179648K
  class space    used 9155K, committed 9856K, reserved 1048576K
GC Heap History (20 events):
Event: 913.143 GC heap before
{Heap before GC invocations=2002 (full 4):
 PSYoungGen      total 3584K, used 2784K [0x00000000d5580000, 0x00000000d5a80000, 0x0000000100000000)
  eden space 2560K, 100% used [0x00000000d5580000,0x00000000d5800000,0x00000000d5800000)
  from space 1024K, 21% used [0x00000000d5880000,0x00000000d58b8000,0x00000000d5980000)
  to   space 512K, 0% used [0x00000000d5a00000,0x00000000d5a00000,0x00000000d5a80000)
 ParOldGen       total 957440K, used 243301K [0x0000000080000000, 0x00000000ba700000, 0x00000000d5580000)
  object space 957440K, 25% used [0x0000000080000000,0x000000008ed99648,0x00000000ba700000)
 Metaspace       used 86224K, committed 87936K, reserved 1179648K
  class space    used 9154K, committed 9856K, reserved 1048576K
}
Event: 913.146 GC heap after
{Heap after GC invocations=2002 (full 4):
 PSYoungGen      total 3072K, used 394K [0x00000000d5580000, 0x00000000d5a80000, 0x0000000100000000)
  eden space 2560K, 0% used [0x00000000d5580000,0x00000000d5580000,0x00000000d5800000)
  from space 512K, 77% used [0x00000000d5a00000,0x00000000d5a62910,0x00000000d5a80000)
  to   space 512K, 0% used [0x00000000d5980000,0x00000000d5980000,0x00000000d5a00000)
 ParOldGen       total 957440K, used 243357K [0x0000000080000000, 0x00000000ba700000, 0x00000000d5580000)
  object space 957440K, 25% used [0x0000000080000000,0x000000008eda7648,0x00000000ba700000)
 Metaspace       used 86224K, committed 87936K, reserved 1179648K
  class space    used 9154K, committed 9856K, reserved 1048576K
}
Event: 913.187 GC heap before
{Heap before GC invocations=2003 (full 4):
 PSYoungGen      total 3072K, used 2954K [0x00000000d5580000, 0x00000000d5a80000, 0x0000000100000000)
  eden space 2560K, 100% used [0x00000000d5580000,0x00000000d5800000,0x00000000d5800000)
  from space 512K, 77% used [0x00000000d5a00000,0x00000000d5a62910,0x00000000d5a80000)
  to   space 512K, 0% used [0x00000000d5980000,0x00000000d5980000,0x00000000d5a00000)
 ParOldGen       total 957440K, used 243357K [0x0000000080000000, 0x00000000ba700000, 0x00000000d5580000)
  object space 957440K, 25% used [0x0000000080000000,0x000000008eda7648,0x00000000ba700000)
 Metaspace       used 86225K, committed 87936K, reserved 1179648K
  class space    used 9154K, committed 9856K, reserved 1048576K
}
Event: 913.191 GC heap after
{Heap after GC invocations=2003 (full 4):
 PSYoungGen      total 3072K, used 498K [0x00000000d5580000, 0x00000000d5a80000, 0x0000000100000000)
  eden space 2560K, 0% used [0x00000000d5580000,0x00000000d5580000,0x00000000d5800000)
  from space 512K, 97% used [0x00000000d5980000,0x00000000d59fcaf8,0x00000000d5a00000)
  to   space 512K, 0% used [0x00000000d5a00000,0x00000000d5a00000,0x00000000d5a80000)
 ParOldGen       total 957440K, used 243746K [0x0000000080000000, 0x00000000ba700000, 0x00000000d5580000)
  object space 957440K, 25% used [0x0000000080000000,0x000000008ee08858,0x00000000ba700000)
 Metaspace       used 86225K, committed 87936K, reserved 1179648K
  class space    used 9154K, committed 9856K, reserved 1048576K
}
Event: 913.219 GC heap before
{Heap before GC invocations=2004 (full 4):
 PSYoungGen      total 3072K, used 3058K [0x00000000d5580000, 0x00000000d5a80000, 0x0000000100000000)
  eden space 2560K, 100% used [0x00000000d5580000,0x00000000d5800000,0x00000000d5800000)
  from space 512K, 97% used [0x00000000d5980000,0x00000000d59fcaf8,0x00000000d5a00000)
  to   space 512K, 0% used [0x00000000d5a00000,0x00000000d5a00000,0x00000000d5a80000)
 ParOldGen       total 957440K, used 243746K [0x0000000080000000, 0x00000000ba700000, 0x00000000d5580000)
  object space 957440K, 25% used [0x0000000080000000,0x000000008ee08858,0x00000000ba700000)
 Metaspace       used 86225K, committed 87936K, reserved 1179648K
  class space    used 9154K, committed 9856K, reserved 1048576K
}
Event: 913.223 GC heap after
{Heap after GC invocations=2004 (full 4):
 PSYoungGen      total 3072K, used 512K [0x00000000d5580000, 0x00000000d5b00000, 0x0000000100000000)
  eden space 2560K, 0% used [0x00000000d5580000,0x00000000d5580000,0x00000000d5800000)
  from space 512K, 100% used [0x00000000d5a00000,0x00000000d5a80000,0x00000000d5a80000)
  to   space 1536K, 0% used [0x00000000d5800000,0x00000000d5800000,0x00000000d5980000)
 ParOldGen       total 957440K, used 244329K [0x0000000080000000, 0x00000000ba700000, 0x00000000d5580000)
  object space 957440K, 25% used [0x0000000080000000,0x000000008ee9a7f0,0x00000000ba700000)
 Metaspace       used 86225K, committed 87936K, reserved 1179648K
  class space    used 9154K, committed 9856K, reserved 1048576K
}
Event: 914.150 GC heap before
{Heap before GC invocations=2005 (full 4):
 PSYoungGen      total 3072K, used 3072K [0x00000000d5580000, 0x00000000d5b00000, 0x0000000100000000)
  eden space 2560K, 100% used [0x00000000d5580000,0x00000000d5800000,0x00000000d5800000)
  from space 512K, 100% used [0x00000000d5a00000,0x00000000d5a80000,0x00000000d5a80000)
  to   space 1536K, 0% used [0x00000000d5800000,0x00000000d5800000,0x00000000d5980000)
 ParOldGen       total 957440K, used 244329K [0x0000000080000000, 0x00000000ba700000, 0x00000000d5580000)
  object space 957440K, 25% used [0x0000000080000000,0x000000008ee9a7f0,0x00000000ba700000)
 Metaspace       used 86247K, committed 87936K, reserved 1179648K
  class space    used 9154K, committed 9856K, reserved 1048576K
}
Event: 914.154 GC heap after
{Heap after GC invocations=2005 (full 4):
 PSYoungGen      total 4096K, used 538K [0x00000000d5580000, 0x00000000d5a80000, 0x0000000100000000)
  eden space 2560K, 0% used [0x00000000d5580000,0x00000000d5580000,0x00000000d5800000)
  from space 1536K, 35% used [0x00000000d5800000,0x00000000d5886900,0x00000000d5980000)
  to   space 1024K, 0% used [0x00000000d5980000,0x00000000d5980000,0x00000000d5a80000)
 ParOldGen       total 957440K, used 244817K [0x0000000080000000, 0x00000000ba700000, 0x00000000d5580000)
  object space 957440K, 25% used [0x0000000080000000,0x000000008ef147f0,0x00000000ba700000)
 Metaspace       used 86247K, committed 87936K, reserved 1179648K
  class space    used 9154K, committed 9856K, reserved 1048576K
}
Event: 914.187 GC heap before
{Heap before GC invocations=2006 (full 4):
 PSYoungGen      total 4096K, used 3098K [0x00000000d5580000, 0x00000000d5a80000, 0x0000000100000000)
  eden space 2560K, 100% used [0x00000000d5580000,0x00000000d5800000,0x00000000d5800000)
  from space 1536K, 35% used [0x00000000d5800000,0x00000000d5886900,0x00000000d5980000)
  to   space 1024K, 0% used [0x00000000d5980000,0x00000000d5980000,0x00000000d5a80000)
 ParOldGen       total 957440K, used 244817K [0x0000000080000000, 0x00000000ba700000, 0x00000000d5580000)
  object space 957440K, 25% used [0x0000000080000000,0x000000008ef147f0,0x00000000ba700000)
 Metaspace       used 86249K, committed 87936K, reserved 1179648K
  class space    used 9154K, committed 9856K, reserved 1048576K
}
Event: 914.192 GC heap after
{Heap after GC invocations=2006 (full 4):
 PSYoungGen      total 3072K, used 468K [0x00000000d5580000, 0x00000000d5a00000, 0x0000000100000000)
  eden space 2560K, 0% used [0x00000000d5580000,0x00000000d5580000,0x00000000d5800000)
  from space 512K, 91% used [0x00000000d5980000,0x00000000d59f5200,0x00000000d5a00000)
  to   space 1024K, 0% used [0x00000000d5800000,0x00000000d5800000,0x00000000d5900000)
 ParOldGen       total 957440K, used 245184K [0x0000000080000000, 0x00000000ba700000, 0x00000000d5580000)
  object space 957440K, 25% used [0x0000000080000000,0x000000008ef70230,0x00000000ba700000)
 Metaspace       used 86249K, committed 87936K, reserved 1179648K
  class space    used 9154K, committed 9856K, reserved 1048576K
}
Event: 914.303 GC heap before
{Heap before GC invocations=2007 (full 4):
 PSYoungGen      total 3072K, used 3023K [0x00000000d5580000, 0x00000000d5a00000, 0x0000000100000000)
  eden space 2560K, 99% used [0x00000000d5580000,0x00000000d57feb70,0x00000000d5800000)
  from space 512K, 91% used [0x00000000d5980000,0x00000000d59f5200,0x00000000d5a00000)
  to   space 1024K, 0% used [0x00000000d5800000,0x00000000d5800000,0x00000000d5900000)
 ParOldGen       total 957440K, used 245184K [0x0000000080000000, 0x00000000ba700000, 0x00000000d5580000)
  object space 957440K, 25% used [0x0000000080000000,0x000000008ef70230,0x00000000ba700000)
 Metaspace       used 86249K, committed 87936K, reserved 1179648K
  class space    used 9154K, committed 9856K, reserved 1048576K
}
Event: 914.306 GC heap after
{Heap after GC invocations=2007 (full 4):
 PSYoungGen      total 3584K, used 761K [0x00000000d5580000, 0x00000000d5a00000, 0x0000000100000000)
  eden space 2560K, 0% used [0x00000000d5580000,0x00000000d5580000,0x00000000d5800000)
  from space 1024K, 74% used [0x00000000d5800000,0x00000000d58be608,0x00000000d5900000)
  to   space 1024K, 0% used [0x00000000d5900000,0x00000000d5900000,0x00000000d5a00000)
 ParOldGen       total 957440K, used 245613K [0x0000000080000000, 0x00000000ba700000, 0x00000000d5580000)
  object space 957440K, 25% used [0x0000000080000000,0x000000008efdb440,0x00000000ba700000)
 Metaspace       used 86249K, committed 87936K, reserved 1179648K
  class space    used 9154K, committed 9856K, reserved 1048576K
}
Event: 914.439 GC heap before
{Heap before GC invocations=2008 (full 4):
 PSYoungGen      total 3584K, used 3321K [0x00000000d5580000, 0x00000000d5a00000, 0x0000000100000000)
  eden space 2560K, 100% used [0x00000000d5580000,0x00000000d5800000,0x00000000d5800000)
  from space 1024K, 74% used [0x00000000d5800000,0x00000000d58be608,0x00000000d5900000)
  to   space 1024K, 0% used [0x00000000d5900000,0x00000000d5900000,0x00000000d5a00000)
 ParOldGen       total 957440K, used 245613K [0x0000000080000000, 0x00000000ba700000, 0x00000000d5580000)
  object space 957440K, 25% used [0x0000000080000000,0x000000008efdb440,0x00000000ba700000)
 Metaspace       used 86250K, committed 87936K, reserved 1179648K
  class space    used 9154K, committed 9856K, reserved 1048576K
}
Event: 914.442 GC heap after
{Heap after GC invocations=2008 (full 4):
 PSYoungGen      total 3584K, used 816K [0x00000000d5580000, 0x00000000d5a00000, 0x0000000100000000)
  eden space 2560K, 0% used [0x00000000d5580000,0x00000000d5580000,0x00000000d5800000)
  from space 1024K, 79% used [0x00000000d5900000,0x00000000d59cc1f0,0x00000000d5a00000)
  to   space 1024K, 0% used [0x00000000d5800000,0x00000000d5800000,0x00000000d5900000)
 ParOldGen       total 957440K, used 246219K [0x0000000080000000, 0x00000000ba700000, 0x00000000d5580000)
  object space 957440K, 25% used [0x0000000080000000,0x000000008f072cd8,0x00000000ba700000)
 Metaspace       used 86250K, committed 87936K, reserved 1179648K
  class space    used 9154K, committed 9856K, reserved 1048576K
}
Event: 914.470 GC heap before
{Heap before GC invocations=2009 (full 4):
 PSYoungGen      total 3584K, used 3376K [0x00000000d5580000, 0x00000000d5a00000, 0x0000000100000000)
  eden space 2560K, 100% used [0x00000000d5580000,0x00000000d5800000,0x00000000d5800000)
  from space 1024K, 79% used [0x00000000d5900000,0x00000000d59cc1f0,0x00000000d5a00000)
  to   space 1024K, 0% used [0x00000000d5800000,0x00000000d5800000,0x00000000d5900000)
 ParOldGen       total 957440K, used 246219K [0x0000000080000000, 0x00000000ba700000, 0x00000000d5580000)
  object space 957440K, 25% used [0x0000000080000000,0x000000008f072cd8,0x00000000ba700000)
 Metaspace       used 86250K, committed 87936K, reserved 1179648K
  class space    used 9154K, committed 9856K, reserved 1048576K
}
Event: 914.474 GC heap after
{Heap after GC invocations=2009 (full 4):
 PSYoungGen      total 3584K, used 544K [0x00000000d5580000, 0x00000000d5a00000, 0x0000000100000000)
  eden space 2560K, 0% used [0x00000000d5580000,0x00000000d5580000,0x00000000d5800000)
  from space 1024K, 53% used [0x00000000d5800000,0x00000000d5888218,0x00000000d5900000)
  to   space 1024K, 0% used [0x00000000d5900000,0x00000000d5900000,0x00000000d5a00000)
 ParOldGen       total 957440K, used 246895K [0x0000000080000000, 0x00000000ba700000, 0x00000000d5580000)
  object space 957440K, 25% used [0x0000000080000000,0x000000008f11bcb8,0x00000000ba700000)
 Metaspace       used 86250K, committed 87936K, reserved 1179648K
  class space    used 9154K, committed 9856K, reserved 1048576K
}
Event: 914.523 GC heap before
{Heap before GC invocations=2010 (full 4):
 PSYoungGen      total 3584K, used 3104K [0x00000000d5580000, 0x00000000d5a00000, 0x0000000100000000)
  eden space 2560K, 100% used [0x00000000d5580000,0x00000000d5800000,0x00000000d5800000)
  from space 1024K, 53% used [0x00000000d5800000,0x00000000d5888218,0x00000000d5900000)
  to   space 1024K, 0% used [0x00000000d5900000,0x00000000d5900000,0x00000000d5a00000)
 ParOldGen       total 957440K, used 246895K [0x0000000080000000, 0x00000000ba700000, 0x00000000d5580000)
  object space 957440K, 25% used [0x0000000080000000,0x000000008f11bcb8,0x00000000ba700000)
 Metaspace       used 86250K, committed 87936K, reserved 1179648K
  class space    used 9154K, committed 9856K, reserved 1048576K
}
Event: 914.526 GC heap after
{Heap after GC invocations=2010 (full 4):
 PSYoungGen      total 3584K, used 576K [0x00000000d5580000, 0x00000000d5a00000, 0x0000000100000000)
  eden space 2560K, 0% used [0x00000000d5580000,0x00000000d5580000,0x00000000d5800000)
  from space 1024K, 56% used [0x00000000d5900000,0x00000000d5990000,0x00000000d5a00000)
  to   space 1024K, 0% used [0x00000000d5800000,0x00000000d5800000,0x00000000d5900000)
 ParOldGen       total 957440K, used 247260K [0x0000000080000000, 0x00000000ba700000, 0x00000000d5580000)
  object space 957440K, 25% used [0x0000000080000000,0x000000008f1771b0,0x00000000ba700000)
 Metaspace       used 86250K, committed 87936K, reserved 1179648K
  class space    used 9154K, committed 9856K, reserved 1048576K
}
Event: 915.377 GC heap before
{Heap before GC invocations=2011 (full 4):
 PSYoungGen      total 3584K, used 3136K [0x00000000d5580000, 0x00000000d5a00000, 0x0000000100000000)
  eden space 2560K, 100% used [0x00000000d5580000,0x00000000d5800000,0x00000000d5800000)
  from space 1024K, 56% used [0x00000000d5900000,0x00000000d5990000,0x00000000d5a00000)
  to   space 1024K, 0% used [0x00000000d5800000,0x00000000d5800000,0x00000000d5900000)
 ParOldGen       total 957440K, used 247260K [0x0000000080000000, 0x00000000ba700000, 0x00000000d5580000)
  object space 957440K, 25% used [0x0000000080000000,0x000000008f1771b0,0x00000000ba700000)
 Metaspace       used 86283K, committed 88000K, reserved 1179648K
  class space    used 9155K, committed 9856K, reserved 1048576K
}
Event: 915.381 GC heap after
{Heap after GC invocations=2011 (full 4):
 PSYoungGen      total 3584K, used 596K [0x00000000d5580000, 0x00000000d5a00000, 0x0000000100000000)
  eden space 2560K, 0% used [0x00000000d5580000,0x00000000d5580000,0x00000000d5800000)
  from space 1024K, 58% used [0x00000000d5800000,0x00000000d5895200,0x00000000d5900000)
  to   space 1024K, 0% used [0x00000000d5900000,0x00000000d5900000,0x00000000d5a00000)
 ParOldGen       total 957440K, used 247692K [0x0000000080000000, 0x00000000ba700000, 0x00000000d5580000)
  object space 957440K, 25% used [0x0000000080000000,0x000000008f1e31b0,0x00000000ba700000)
 Metaspace       used 86283K, committed 88000K, reserved 1179648K
  class space    used 9155K, committed 9856K, reserved 1048576K
}

