# JRE version: OpenJDK Runtime Environment Temurin-21.0.10+7 (21.0.10+7) (build 21.0.10+7-LTS)
# Java VM: OpenJDK 64-Bit Server VM Temurin-21.0.10+7 (21.0.10+7-LTS, mixed mode, sharing, tiered, compressed oops, compressed class ptrs, parallel gc, windows-amd64)
GC Precious Log:
 CardTable entry size: 512
 CPUs: 8 total, 8 available
 Memory: 8030M
 Large Page Support: Disabled
 NUMA Support: Disabled
 Compressed Oops: Enabled (32-bit)
 Alignments: Space 512K, Generation 512K, Heap 2M
 Heap Min Capacity: 100M
 Heap Initial Capacity: 100M
 Heap Max Capacity: 2G
 Pre-touch: Disabled
 Parallel Workers: 8
Heap:
 PSYoungGen      total 3072K, used 2609K [0x00000000d5580000, 0x00000000d5c00000, 0x0000000100000000)
  eden space 2048K, 98% used [0x00000000d5580000,0x00000000d5778ad0,0x00000000d5780000)
  from space 1024K, 57% used [0x00000000d5b00000,0x00000000d5b93a80,0x00000000d5c00000)
  to   space 1536K, 0% used [0x00000000d5900000,0x00000000d5900000,0x00000000d5a80000)
 ParOldGen       total 154624K, used 153446K [0x0000000080000000, 0x0000000089700000, 0x00000000d5580000)
  object space 154624K, 99% used [0x0000000080000000,0x00000000895d98d8,0x0000000089700000)
 Metaspace       used 64451K, committed 65920K, reserved 1114112K
  class space    used 6895K, committed 7552K, reserved 1048576K
GC Heap History (20 events):
Event: 284.981 GC heap before
{Heap before GC invocations=104 (full 3):
 PSYoungGen      total 4608K, used 4155K [0x00000000d5580000, 0x00000000d5c80000, 0x0000000100000000)
  eden space 3072K, 89% used [0x00000000d5580000,0x00000000d582cbf0,0x00000000d5880000)
  from space 1536K, 92% used [0x00000000d5b00000,0x00000000d5c62010,0x00000000d5c80000)
  to   space 2048K, 0% used [0x00000000d5880000,0x00000000d5880000,0x00000000d5a80000)
 ParOldGen       total 121856K, used 121375K [0x0000000080000000, 0x0000000087700000, 0x00000000d5580000)
  object space 121856K, 99% used [0x0000000080000000,0x0000000087687f00,0x0000000087700000)
 Metaspace       used 64076K, committed 65472K, reserved 1114112K
  class space    used 6851K, committed 7488K, reserved 1048576K
}
Event: 284.986 GC heap after
{Heap after GC invocations=104 (full 3):
 PSYoungGen      total 5120K, used 480K [0x00000000d5580000, 0x00000000d5b80000, 0x0000000100000000)
  eden space 3072K, 0% used [0x00000000d5580000,0x00000000d5580000,0x00000000d5880000)
  from space 2048K, 23% used [0x00000000d5880000,0x00000000d58f8000,0x00000000d5a80000)
  to   space 1024K, 0% used [0x00000000d5a80000,0x00000000d5a80000,0x00000000d5b80000)
 ParOldGen       total 123392K, used 122639K [0x0000000080000000, 0x0000000087880000, 0x00000000d5580000)
  object space 123392K, 99% used [0x0000000080000000,0x00000000877c3f00,0x0000000087880000)
 Metaspace       used 64076K, committed 65472K, reserved 1114112K
  class space    used 6851K, committed 7488K, reserved 1048576K
}
Event: 285.001 GC heap before
{Heap before GC invocations=105 (full 3):
 PSYoungGen      total 5120K, used 3552K [0x00000000d5580000, 0x00000000d5b80000, 0x0000000100000000)
  eden space 3072K, 100% used [0x00000000d5580000,0x00000000d5880000,0x00000000d5880000)
  from space 2048K, 23% used [0x00000000d5880000,0x00000000d58f8000,0x00000000d5a80000)
  to   space 1024K, 0% used [0x00000000d5a80000,0x00000000d5a80000,0x00000000d5b80000)
 ParOldGen       total 123392K, used 122639K [0x0000000080000000, 0x0000000087880000, 0x00000000d5580000)
  object space 123392K, 99% used [0x0000000080000000,0x00000000877c3f00,0x0000000087880000)
 Metaspace       used 64091K, committed 65472K, reserved 1114112K
  class space    used 6853K, committed 7488K, reserved 1048576K
}
Event: 285.007 GC heap after
{Heap after GC invocations=105 (full 3):
 PSYoungGen      total 2048K, used 1013K [0x00000000d5580000, 0x00000000d6080000, 0x0000000100000000)
  eden space 1024K, 0% used [0x00000000d5580000,0x00000000d5580000,0x00000000d5680000)
  from space 1024K, 98% used [0x00000000d5a80000,0x00000000d5b7d6f0,0x00000000d5b80000)
  to   space 4096K, 0% used [0x00000000d5680000,0x00000000d5680000,0x00000000d5a80000)
 ParOldGen       total 124928K, used 124804K [0x0000000080000000, 0x0000000087a00000, 0x00000000d5580000)
  object space 124928K, 99% used [0x0000000080000000,0x00000000879e1230,0x0000000087a00000)
 Metaspace       used 64091K, committed 65472K, reserved 1114112K
  class space    used 6853K, committed 7488K, reserved 1048576K
}
Event: 285.017 GC heap before
{Heap before GC invocations=106 (full 3):
 PSYoungGen      total 2048K, used 2037K [0x00000000d5580000, 0x00000000d6080000, 0x0000000100000000)
  eden space 1024K, 99% used [0x00000000d5580000,0x00000000d567fff0,0x00000000d5680000)
  from space 1024K, 98% used [0x00000000d5a80000,0x00000000d5b7d6f0,0x00000000d5b80000)
  to   space 4096K, 0% used [0x00000000d5680000,0x00000000d5680000,0x00000000d5a80000)
 ParOldGen       total 124928K, used 124804K [0x0000000080000000, 0x0000000087a00000, 0x00000000d5580000)
  object space 124928K, 99% used [0x0000000080000000,0x00000000879e1230,0x0000000087a00000)
 Metaspace       used 64096K, committed 65472K, reserved 1114112K
  class space    used 6853K, committed 7488K, reserved 1048576K
}
Event: 285.021 GC heap after
{Heap after GC invocations=106 (full 3):
 PSYoungGen      total 2560K, used 1056K [0x00000000d5580000, 0x00000000d5b00000, 0x0000000100000000)
  eden space 1024K, 0% used [0x00000000d5580000,0x00000000d5580000,0x00000000d5680000)
  from space 1536K, 68% used [0x00000000d5680000,0x00000000d5788000,0x00000000d5800000)
  to   space 2048K, 0% used [0x00000000d5900000,0x00000000d5900000,0x00000000d5b00000)
 ParOldGen       total 125952K, used 125850K [0x0000000080000000, 0x0000000087b00000, 0x00000000d5580000)
  object space 125952K, 99% used [0x0000000080000000,0x0000000087ae6920,0x0000000087b00000)
 Metaspace       used 64096K, committed 65472K, reserved 1114112K
  class space    used 6853K, committed 7488K, reserved 1048576K
}
Event: 285.027 GC heap before
{Heap before GC invocations=107 (full 3):
 PSYoungGen      total 2560K, used 2079K [0x00000000d5580000, 0x00000000d5b00000, 0x0000000100000000)
  eden space 1024K, 99% used [0x00000000d5580000,0x00000000d567ffb0,0x00000000d5680000)
  from space 1536K, 68% used [0x00000000d5680000,0x00000000d5788000,0x00000000d5800000)
  to   space 2048K, 0% used [0x00000000d5900000,0x00000000d5900000,0x00000000d5b00000)
 ParOldGen       total 125952K, used 125850K [0x0000000080000000, 0x0000000087b00000, 0x00000000d5580000)
  object space 125952K, 99% used [0x0000000080000000,0x0000000087ae6920,0x0000000087b00000)
 Metaspace       used 64101K, committed 65472K, reserved 1114112K
  class space    used 6854K, committed 7488K, reserved 1048576K
}
Event: 285.031 GC heap after
{Heap after GC invocations=107 (full 3):
 PSYoungGen      total 3072K, used 1056K [0x00000000d5580000, 0x00000000d5a80000, 0x0000000100000000)
  eden space 1536K, 0% used [0x00000000d5580000,0x00000000d5580000,0x00000000d5700000)
  from space 1536K, 68% used [0x00000000d5900000,0x00000000d5a08000,0x00000000d5a80000)
  to   space 1536K, 0% used [0x00000000d5780000,0x00000000d5780000,0x00000000d5900000)
 ParOldGen       total 126976K, used 126786K [0x0000000080000000, 0x0000000087c00000, 0x00000000d5580000)
  object space 126976K, 99% used [0x0000000080000000,0x0000000087bd0920,0x0000000087c00000)
 Metaspace       used 64101K, committed 65472K, reserved 1114112K
  class space    used 6854K, committed 7488K, reserved 1048576K
}
Event: 285.038 GC heap before
{Heap before GC invocations=108 (full 3):
 PSYoungGen      total 3072K, used 2592K [0x00000000d5580000, 0x00000000d5a80000, 0x0000000100000000)
  eden space 1536K, 100% used [0x00000000d5580000,0x00000000d5700000,0x00000000d5700000)
  from space 1536K, 68% used [0x00000000d5900000,0x00000000d5a08000,0x00000000d5a80000)
  to   space 1536K, 0% used [0x00000000d5780000,0x00000000d5780000,0x00000000d5900000)
 ParOldGen       total 126976K, used 126786K [0x0000000080000000, 0x0000000087c00000, 0x00000000d5580000)
  object space 126976K, 99% used [0x0000000080000000,0x0000000087bd0920,0x0000000087c00000)
 Metaspace       used 64105K, committed 65472K, reserved 1114112K
  class space    used 6854K, committed 7488K, reserved 1048576K
}
Event: 285.044 GC heap after
{Heap after GC invocations=108 (full 3):
 PSYoungGen      total 3584K, used 1536K [0x00000000d5580000, 0x00000000d5b80000, 0x0000000100000000)
  eden space 2048K, 0% used [0x00000000d5580000,0x00000000d5580000,0x00000000d5780000)
  from space 1536K, 100% used [0x00000000d5780000,0x00000000d5900000,0x00000000d5900000)
  to   space 2048K, 0% used [0x00000000d5980000,0x00000000d5980000,0x00000000d5b80000)
 ParOldGen       total 128000K, used 127738K [0x0000000080000000, 0x0000000087d00000, 0x00000000d5580000)
  object space 128000K, 99% used [0x0000000080000000,0x0000000087cbe920,0x0000000087d00000)
 Metaspace       used 64105K, committed 65472K, reserved 1114112K
  class space    used 6854K, committed 7488K, reserved 1048576K
}
Event: 285.058 GC heap before
{Heap before GC invocations=109 (full 3):
 PSYoungGen      total 3584K, used 3584K [0x00000000d5580000, 0x00000000d5b80000, 0x0000000100000000)
  eden space 2048K, 100% used [0x00000000d5580000,0x00000000d5780000,0x00000000d5780000)
  from space 1536K, 100% used [0x00000000d5780000,0x00000000d5900000,0x00000000d5900000)
  to   space 2048K, 0% used [0x00000000d5980000,0x00000000d5980000,0x00000000d5b80000)
 ParOldGen       total 128000K, used 127738K [0x0000000080000000, 0x0000000087d00000, 0x00000000d5580000)
  object space 128000K, 99% used [0x0000000080000000,0x0000000087cbe920,0x0000000087d00000)
 Metaspace       used 64112K, committed 65536K, reserved 1114112K
  class space    used 6854K, committed 7488K, reserved 1048576K
}
Event: 285.063 GC heap after
{Heap after GC invocations=109 (full 3):
 PSYoungGen      total 3584K, used 1984K [0x00000000d5580000, 0x00000000d5d00000, 0x0000000100000000)
  eden space 1536K, 0% used [0x00000000d5580000,0x00000000d5580000,0x00000000d5700000)
  from space 2048K, 96% used [0x00000000d5980000,0x00000000d5b70000,0x00000000d5b80000)
  to   space 2560K, 0% used [0x00000000d5700000,0x00000000d5700000,0x00000000d5980000)
 ParOldGen       total 129536K, used 129162K [0x0000000080000000, 0x0000000087e80000, 0x00000000d5580000)
  object space 129536K, 99% used [0x0000000080000000,0x0000000087e22930,0x0000000087e80000)
 Metaspace       used 64112K, committed 65536K, reserved 1114112K
  class space    used 6854K, committed 7488K, reserved 1048576K
}
Event: 285.082 GC heap before
{Heap before GC invocations=110 (full 3):
 PSYoungGen      total 3584K, used 3520K [0x00000000d5580000, 0x00000000d5d00000, 0x0000000100000000)
  eden space 1536K, 100% used [0x00000000d5580000,0x00000000d5700000,0x00000000d5700000)
  from space 2048K, 96% used [0x00000000d5980000,0x00000000d5b70000,0x00000000d5b80000)
  to   space 2560K, 0% used [0x00000000d5700000,0x00000000d5700000,0x00000000d5980000)
 ParOldGen       total 129536K, used 129162K [0x0000000080000000, 0x0000000087e80000, 0x00000000d5580000)
  object space 129536K, 99% used [0x0000000080000000,0x0000000087e22930,0x0000000087e80000)
 Metaspace       used 64141K, committed 65536K, reserved 1114112K
  class space    used 6858K, committed 7488K, reserved 1048576K
}
Event: 285.088 GC heap after
{Heap after GC invocations=110 (full 3):
 PSYoungGen      total 3072K, used 1065K [0x00000000d5580000, 0x00000000d5a80000, 0x0000000100000000)
  eden space 1536K, 0% used [0x00000000d5580000,0x00000000d5580000,0x00000000d5700000)
  from space 1536K, 69% used [0x00000000d5700000,0x00000000d580a5f8,0x00000000d5880000)
  to   space 1536K, 0% used [0x00000000d5900000,0x00000000d5900000,0x00000000d5a80000)
 ParOldGen       total 131584K, used 131074K [0x0000000080000000, 0x0000000088080000, 0x00000000d5580000)
  object space 131584K, 99% used [0x0000000080000000,0x0000000088000930,0x0000000088080000)
 Metaspace       used 64141K, committed 65536K, reserved 1114112K
  class space    used 6858K, committed 7488K, reserved 1048576K
}
Event: 285.110 GC heap before
{Heap before GC invocations=111 (full 3):
 PSYoungGen      total 3072K, used 2601K [0x00000000d5580000, 0x00000000d5a80000, 0x0000000100000000)
  eden space 1536K, 99% used [0x00000000d5580000,0x00000000d56fffd8,0x00000000d5700000)
  from space 1536K, 69% used [0x00000000d5700000,0x00000000d580a5f8,0x00000000d5880000)
  to   space 1536K, 0% used [0x00000000d5900000,0x00000000d5900000,0x00000000d5a80000)
 ParOldGen       total 131584K, used 131074K [0x0000000080000000, 0x0000000088080000, 0x00000000d5580000)
  object space 131584K, 99% used [0x0000000080000000,0x0000000088000930,0x0000000088080000)
 Metaspace       used 64171K, committed 65536K, reserved 1114112K
  class space    used 6862K, committed 7488K, reserved 1048576K
}
Event: 285.115 GC heap after
{Heap after GC invocations=111 (full 3):
 PSYoungGen      total 3584K, used 1168K [0x00000000d5580000, 0x00000000d5a80000, 0x0000000100000000)
  eden space 2048K, 0% used [0x00000000d5580000,0x00000000d5580000,0x00000000d5780000)
  from space 1536K, 76% used [0x00000000d5900000,0x00000000d5a24000,0x00000000d5a80000)
  to   space 1536K, 0% used [0x00000000d5780000,0x00000000d5780000,0x00000000d5900000)
 ParOldGen       total 132096K, used 131719K [0x0000000080000000, 0x0000000088100000, 0x00000000d5580000)
  object space 132096K, 99% used [0x0000000080000000,0x00000000880a1f88,0x0000000088100000)
 Metaspace       used 64171K, committed 65536K, reserved 1114112K
  class space    used 6862K, committed 7488K, reserved 1048576K
}
Event: 285.144 GC heap before
{Heap before GC invocations=112 (full 3):
 PSYoungGen      total 3584K, used 3216K [0x00000000d5580000, 0x00000000d5a80000, 0x0000000100000000)
  eden space 2048K, 100% used [0x00000000d5580000,0x00000000d5780000,0x00000000d5780000)
  from space 1536K, 76% used [0x00000000d5900000,0x00000000d5a24000,0x00000000d5a80000)
  to   space 1536K, 0% used [0x00000000d5780000,0x00000000d5780000,0x00000000d5900000)
 ParOldGen       total 132096K, used 131719K [0x0000000080000000, 0x0000000088100000, 0x00000000d5580000)
  object space 132096K, 99% used [0x0000000080000000,0x00000000880a1f88,0x0000000088100000)
 Metaspace       used 64258K, committed 65664K, reserved 1114112K
  class space    used 6879K, committed 7488K, reserved 1048576K
}
Event: 285.150 GC heap after
{Heap after GC invocations=112 (full 3):
 PSYoungGen      total 3584K, used 1536K [0x00000000d5580000, 0x00000000d5e00000, 0x0000000100000000)
  eden space 2048K, 0% used [0x00000000d5580000,0x00000000d5580000,0x00000000d5780000)
  from space 1536K, 100% used [0x00000000d5780000,0x00000000d5900000,0x00000000d5900000)
  to   space 3072K, 0% used [0x00000000d5b00000,0x00000000d5b00000,0x00000000d5e00000)
 ParOldGen       total 133120K, used 132774K [0x0000000080000000, 0x0000000088200000, 0x00000000d5580000)
  object space 133120K, 99% used [0x0000000080000000,0x00000000881a98b8,0x0000000088200000)
 Metaspace       used 64258K, committed 65664K, reserved 1114112K
  class space    used 6879K, committed 7488K, reserved 1048576K
}
Event: 285.235 GC heap before
{Heap before GC invocations=113 (full 3):
 PSYoungGen      total 3584K, used 3584K [0x00000000d5580000, 0x00000000d5e00000, 0x0000000100000000)
  eden space 2048K, 100% used [0x00000000d5580000,0x00000000d5780000,0x00000000d5780000)
  from space 1536K, 100% used [0x00000000d5780000,0x00000000d5900000,0x00000000d5900000)
  to   space 3072K, 0% used [0x00000000d5b00000,0x00000000d5b00000,0x00000000d5e00000)
 ParOldGen       total 133120K, used 132774K [0x0000000080000000, 0x0000000088200000, 0x00000000d5580000)
  object space 133120K, 99% used [0x0000000080000000,0x00000000881a98b8,0x0000000088200000)
 Metaspace       used 64367K, committed 65792K, reserved 1114112K
  class space    used 6891K, committed 7552K, reserved 1048576K
}
Event: 285.242 GC heap after
{Heap after GC invocations=113 (full 3):
 PSYoungGen      total 3072K, used 590K [0x00000000d5580000, 0x00000000d5c00000, 0x0000000100000000)
  eden space 2048K, 0% used [0x00000000d5580000,0x00000000d5580000,0x00000000d5780000)
  from space 1024K, 57% used [0x00000000d5b00000,0x00000000d5b93a80,0x00000000d5c00000)
  to   space 1536K, 0% used [0x00000000d5900000,0x00000000d5900000,0x00000000d5a80000)
 ParOldGen       total 134656K, used 134246K [0x0000000080000000, 0x0000000088380000, 0x00000000d5580000)
  object space 134656K, 99% used [0x0000000080000000,0x00000000883198b8,0x0000000088380000)
 Metaspace       used 64367K, committed 65792K, reserved 1114112K
  class space    used 6891K, committed 7552K, reserved 1048576K
}

