# JRE version: OpenJDK Runtime Environment Temurin-21.0.10+7 (21.0.10+7) (build 21.0.10+7-LTS)
# Java VM: OpenJDK 64-Bit Server VM Temurin-21.0.10+7 (21.0.10+7-LTS, mixed mode, sharing, tiered, compressed oops, compressed class ptrs, parallel gc, windows-amd64)
GC Precious Log:
 CardTable entry size: 512
 CPUs: 8 total, 8 available
 Memory: 8030M
 Large Page Support: Disabled
 NUMA Support: Disabled
 Compressed Oops: Enabled (32-bit)
 Alignments: Space 512K, Generation 512K, Heap 2M
 Heap Min Capacity: 100M
 Heap Initial Capacity: 100M
 Heap Max Capacity: 2G
 Pre-touch: Disabled
 Parallel Workers: 8
Heap:
 PSYoungGen      total 20480K, used 2802K [0x00000000d5580000, 0x00000000d6d80000, 0x0000000100000000)
  eden space 18944K, 11% used [0x00000000d5580000,0x00000000d579ca10,0x00000000d6800000)
  from space 1536K, 41% used [0x00000000d6b00000,0x00000000d6ba0010,0x00000000d6c80000)
  to   space 1024K, 0% used [0x00000000d6c80000,0x00000000d6c80000,0x00000000d6d80000)
 ParOldGen       total 68608K, used 50183K [0x0000000080000000, 0x0000000084300000, 0x00000000d5580000)
  object space 68608K, 73% used [0x0000000080000000,0x0000000083101fb0,0x0000000084300000)
 Metaspace       used 51451K, committed 52672K, reserved 1114112K
  class space    used 5661K, committed 6208K, reserved 1048576K
GC Heap History (20 events):
Event: 13.720 GC heap before
{Heap before GC invocations=22 (full 2):
 PSYoungGen      total 24576K, used 20834K [0x00000000d5580000, 0x00000000d7400000, 0x0000000100000000)
  eden space 18944K, 100% used [0x00000000d5580000,0x00000000d6800000,0x00000000d6800000)
  from space 5632K, 33% used [0x00000000d6b00000,0x00000000d6cd8810,0x00000000d7080000)
  to   space 3072K, 0% used [0x00000000d7100000,0x00000000d7100000,0x00000000d7400000)
 ParOldGen       total 68608K, used 36067K [0x0000000080000000, 0x0000000084300000, 0x00000000d5580000)
  object space 68608K, 52% used [0x0000000080000000,0x0000000082338fb8,0x0000000084300000)
 Metaspace       used 42418K, committed 43584K, reserved 1114112K
  class space    used 4575K, committed 5056K, reserved 1048576K
}
Event: 13.727 GC heap after
{Heap after GC invocations=22 (full 2):
 PSYoungGen      total 20992K, used 1632K [0x00000000d5580000, 0x00000000d7300000, 0x0000000100000000)
  eden space 18944K, 0% used [0x00000000d5580000,0x00000000d5580000,0x00000000d6800000)
  from space 2048K, 79% used [0x00000000d7100000,0x00000000d7298010,0x00000000d7300000)
  to   space 2048K, 0% used [0x00000000d6f00000,0x00000000d6f00000,0x00000000d7100000)
 ParOldGen       total 68608K, used 37770K [0x0000000080000000, 0x0000000084300000, 0x00000000d5580000)
  object space 68608K, 55% used [0x0000000080000000,0x00000000824e28d8,0x0000000084300000)
 Metaspace       used 42418K, committed 43584K, reserved 1114112K
  class space    used 4575K, committed 5056K, reserved 1048576K
}
Event: 13.856 GC heap before
{Heap before GC invocations=23 (full 2):
 PSYoungGen      total 20992K, used 20576K [0x00000000d5580000, 0x00000000d7300000, 0x0000000100000000)
  eden space 18944K, 100% used [0x00000000d5580000,0x00000000d6800000,0x00000000d6800000)
  from space 2048K, 79% used [0x00000000d7100000,0x00000000d7298010,0x00000000d7300000)
  to   space 2048K, 0% used [0x00000000d6f00000,0x00000000d6f00000,0x00000000d7100000)
 ParOldGen       total 68608K, used 37770K [0x0000000080000000, 0x0000000084300000, 0x00000000d5580000)
  object space 68608K, 55% used [0x0000000080000000,0x00000000824e28d8,0x0000000084300000)
 Metaspace       used 42889K, committed 44096K, reserved 1114112K
  class space    used 4634K, committed 5120K, reserved 1048576K
}
Event: 13.862 GC heap after
{Heap after GC invocations=23 (full 2):
 PSYoungGen      total 20992K, used 1696K [0x00000000d5580000, 0x00000000d7180000, 0x0000000100000000)
  eden space 18944K, 0% used [0x00000000d5580000,0x00000000d5580000,0x00000000d6800000)
  from space 2048K, 82% used [0x00000000d6f00000,0x00000000d70a8000,0x00000000d7100000)
  to   space 512K, 0% used [0x00000000d7100000,0x00000000d7100000,0x00000000d7180000)
 ParOldGen       total 68608K, used 39306K [0x0000000080000000, 0x0000000084300000, 0x00000000d5580000)
  object space 68608K, 57% used [0x0000000080000000,0x00000000826628f8,0x0000000084300000)
 Metaspace       used 42889K, committed 44096K, reserved 1114112K
  class space    used 4634K, committed 5120K, reserved 1048576K
}
Event: 13.971 GC heap before
{Heap before GC invocations=24 (full 2):
 PSYoungGen      total 20992K, used 20640K [0x00000000d5580000, 0x00000000d7180000, 0x0000000100000000)
  eden space 18944K, 100% used [0x00000000d5580000,0x00000000d6800000,0x00000000d6800000)
  from space 2048K, 82% used [0x00000000d6f00000,0x00000000d70a8000,0x00000000d7100000)
  to   space 512K, 0% used [0x00000000d7100000,0x00000000d7100000,0x00000000d7180000)
 ParOldGen       total 68608K, used 39306K [0x0000000080000000, 0x0000000084300000, 0x00000000d5580000)
  object space 68608K, 57% used [0x0000000080000000,0x00000000826628f8,0x0000000084300000)
 Metaspace       used 43294K, committed 44544K, reserved 1114112K
  class space    used 4680K, committed 5184K, reserved 1048576K
}
Event: 13.977 GC heap after
{Heap after GC invocations=24 (full 2):
 PSYoungGen      total 19456K, used 512K [0x00000000d5580000, 0x00000000d7180000, 0x0000000100000000)
  eden space 18944K, 0% used [0x00000000d5580000,0x00000000d5580000,0x00000000d6800000)
  from space 512K, 100% used [0x00000000d7100000,0x00000000d7180000,0x00000000d7180000)
  to   space 3584K, 0% used [0x00000000d6a80000,0x00000000d6a80000,0x00000000d6e00000)
 ParOldGen       total 68608K, used 41872K [0x0000000080000000, 0x0000000084300000, 0x00000000d5580000)
  object space 68608K, 61% used [0x0000000080000000,0x00000000828e43a8,0x0000000084300000)
 Metaspace       used 43294K, committed 44544K, reserved 1114112K
  class space    used 4680K, committed 5184K, reserved 1048576K
}
Event: 14.098 GC heap before
{Heap before GC invocations=25 (full 2):
 PSYoungGen      total 19456K, used 19456K [0x00000000d5580000, 0x00000000d7180000, 0x0000000100000000)
  eden space 18944K, 100% used [0x00000000d5580000,0x00000000d6800000,0x00000000d6800000)
  from space 512K, 100% used [0x00000000d7100000,0x00000000d7180000,0x00000000d7180000)
  to   space 3584K, 0% used [0x00000000d6a80000,0x00000000d6a80000,0x00000000d6e00000)
 ParOldGen       total 68608K, used 41872K [0x0000000080000000, 0x0000000084300000, 0x00000000d5580000)
  object space 68608K, 61% used [0x0000000080000000,0x00000000828e43a8,0x0000000084300000)
 Metaspace       used 43637K, committed 44864K, reserved 1114112K
  class space    used 4719K, committed 5248K, reserved 1048576K
}
Event: 14.103 GC heap after
{Heap after GC invocations=25 (full 2):
 PSYoungGen      total 22528K, used 1888K [0x00000000d5580000, 0x00000000d7180000, 0x0000000100000000)
  eden space 18944K, 0% used [0x00000000d5580000,0x00000000d5580000,0x00000000d6800000)
  from space 3584K, 52% used [0x00000000d6a80000,0x00000000d6c58010,0x00000000d6e00000)
  to   space 2560K, 0% used [0x00000000d6f00000,0x00000000d6f00000,0x00000000d7180000)
 ParOldGen       total 68608K, used 42416K [0x0000000080000000, 0x0000000084300000, 0x00000000d5580000)
  object space 68608K, 61% used [0x0000000080000000,0x000000008296c3a8,0x0000000084300000)
 Metaspace       used 43637K, committed 44864K, reserved 1114112K
  class space    used 4719K, committed 5248K, reserved 1048576K
}
Event: 14.275 GC heap before
{Heap before GC invocations=26 (full 2):
 PSYoungGen      total 22528K, used 20832K [0x00000000d5580000, 0x00000000d7180000, 0x0000000100000000)
  eden space 18944K, 100% used [0x00000000d5580000,0x00000000d6800000,0x00000000d6800000)
  from space 3584K, 52% used [0x00000000d6a80000,0x00000000d6c58010,0x00000000d6e00000)
  to   space 2560K, 0% used [0x00000000d6f00000,0x00000000d6f00000,0x00000000d7180000)
 ParOldGen       total 68608K, used 42416K [0x0000000080000000, 0x0000000084300000, 0x00000000d5580000)
  object space 68608K, 61% used [0x0000000080000000,0x000000008296c3a8,0x0000000084300000)
 Metaspace       used 44152K, committed 45440K, reserved 1114112K
  class space    used 4786K, committed 5312K, reserved 1048576K
}
Event: 14.281 GC heap after
{Heap after GC invocations=26 (full 2):
 PSYoungGen      total 20480K, used 1472K [0x00000000d5580000, 0x00000000d7080000, 0x0000000100000000)
  eden space 18944K, 0% used [0x00000000d5580000,0x00000000d5580000,0x00000000d6800000)
  from space 1536K, 95% used [0x00000000d6f00000,0x00000000d7070000,0x00000000d7080000)
  to   space 2048K, 0% used [0x00000000d6c80000,0x00000000d6c80000,0x00000000d6e80000)
 ParOldGen       total 68608K, used 44200K [0x0000000080000000, 0x0000000084300000, 0x00000000d5580000)
  object space 68608K, 64% used [0x0000000080000000,0x0000000082b2a0b8,0x0000000084300000)
 Metaspace       used 44152K, committed 45440K, reserved 1114112K
  class space    used 4786K, committed 5312K, reserved 1048576K
}
Event: 14.403 GC heap before
{Heap before GC invocations=27 (full 2):
 PSYoungGen      total 20480K, used 20416K [0x00000000d5580000, 0x00000000d7080000, 0x0000000100000000)
  eden space 18944K, 100% used [0x00000000d5580000,0x00000000d6800000,0x00000000d6800000)
  from space 1536K, 95% used [0x00000000d6f00000,0x00000000d7070000,0x00000000d7080000)
  to   space 2048K, 0% used [0x00000000d6c80000,0x00000000d6c80000,0x00000000d6e80000)
 ParOldGen       total 68608K, used 44200K [0x0000000080000000, 0x0000000084300000, 0x00000000d5580000)
  object space 68608K, 64% used [0x0000000080000000,0x0000000082b2a0b8,0x0000000084300000)
 Metaspace       used 44568K, committed 45824K, reserved 1114112K
  class space    used 4836K, committed 5376K, reserved 1048576K
}
Event: 14.408 GC heap after
{Heap after GC invocations=27 (full 2):
 PSYoungGen      total 20992K, used 1624K [0x00000000d5580000, 0x00000000d6f80000, 0x0000000100000000)
  eden space 18944K, 0% used [0x00000000d5580000,0x00000000d5580000,0x00000000d6800000)
  from space 2048K, 79% used [0x00000000d6c80000,0x00000000d6e16200,0x00000000d6e80000)
  to   space 1024K, 0% used [0x00000000d6e80000,0x00000000d6e80000,0x00000000d6f80000)
 ParOldGen       total 68608K, used 45608K [0x0000000080000000, 0x0000000084300000, 0x00000000d5580000)
  object space 68608K, 66% used [0x0000000080000000,0x0000000082c8a0b8,0x0000000084300000)
 Metaspace       used 44568K, committed 45824K, reserved 1114112K
  class space    used 4836K, committed 5376K, reserved 1048576K
}
Event: 14.735 GC heap before
{Heap before GC invocations=28 (full 2):
 PSYoungGen      total 20992K, used 20568K [0x00000000d5580000, 0x00000000d6f80000, 0x0000000100000000)
  eden space 18944K, 100% used [0x00000000d5580000,0x00000000d6800000,0x00000000d6800000)
  from space 2048K, 79% used [0x00000000d6c80000,0x00000000d6e16200,0x00000000d6e80000)
  to   space 1024K, 0% used [0x00000000d6e80000,0x00000000d6e80000,0x00000000d6f80000)
 ParOldGen       total 68608K, used 45608K [0x0000000080000000, 0x0000000084300000, 0x00000000d5580000)
  object space 68608K, 66% used [0x0000000080000000,0x0000000082c8a0b8,0x0000000084300000)
 Metaspace       used 46495K, committed 47808K, reserved 1114112K
  class space    used 5036K, committed 5568K, reserved 1048576K
}
Event: 14.741 GC heap after
{Heap after GC invocations=28 (full 2):
 PSYoungGen      total 19968K, used 1021K [0x00000000d5580000, 0x00000000d6f80000, 0x0000000100000000)
  eden space 18944K, 0% used [0x00000000d5580000,0x00000000d5580000,0x00000000d6800000)
  from space 1024K, 99% used [0x00000000d6e80000,0x00000000d6f7f410,0x00000000d6f80000)
  to   space 3584K, 0% used [0x00000000d6880000,0x00000000d6880000,0x00000000d6c00000)
 ParOldGen       total 68608K, used 47457K [0x0000000080000000, 0x0000000084300000, 0x00000000d5580000)
  object space 68608K, 69% used [0x0000000080000000,0x0000000082e586e8,0x0000000084300000)
 Metaspace       used 46495K, committed 47808K, reserved 1114112K
  class space    used 5036K, committed 5568K, reserved 1048576K
}
Event: 15.293 GC heap before
{Heap before GC invocations=29 (full 2):
 PSYoungGen      total 19968K, used 19936K [0x00000000d5580000, 0x00000000d6f80000, 0x0000000100000000)
  eden space 18944K, 99% used [0x00000000d5580000,0x00000000d67f8de8,0x00000000d6800000)
  from space 1024K, 99% used [0x00000000d6e80000,0x00000000d6f7f410,0x00000000d6f80000)
  to   space 3584K, 0% used [0x00000000d6880000,0x00000000d6880000,0x00000000d6c00000)
 ParOldGen       total 68608K, used 47457K [0x0000000080000000, 0x0000000084300000, 0x00000000d5580000)
  object space 68608K, 69% used [0x0000000080000000,0x0000000082e586e8,0x0000000084300000)
 Metaspace       used 48722K, committed 49984K, reserved 1114112K
  class space    used 5350K, committed 5888K, reserved 1048576K
}
Event: 15.299 GC heap after
{Heap after GC invocations=29 (full 2):
 PSYoungGen      total 22528K, used 1140K [0x00000000d5580000, 0x00000000d6f00000, 0x0000000100000000)
  eden space 18944K, 0% used [0x00000000d5580000,0x00000000d5580000,0x00000000d6800000)
  from space 3584K, 31% used [0x00000000d6880000,0x00000000d699d238,0x00000000d6c00000)
  to   space 2048K, 0% used [0x00000000d6d00000,0x00000000d6d00000,0x00000000d6f00000)
 ParOldGen       total 68608K, used 48440K [0x0000000080000000, 0x0000000084300000, 0x00000000d5580000)
  object space 68608K, 70% used [0x0000000080000000,0x0000000082f4e3d8,0x0000000084300000)
 Metaspace       used 48722K, committed 49984K, reserved 1114112K
  class space    used 5350K, committed 5888K, reserved 1048576K
}
Event: 15.836 GC heap before
{Heap before GC invocations=30 (full 2):
 PSYoungGen      total 22528K, used 20084K [0x00000000d5580000, 0x00000000d6f00000, 0x0000000100000000)
  eden space 18944K, 100% used [0x00000000d5580000,0x00000000d6800000,0x00000000d6800000)
  from space 3584K, 31% used [0x00000000d6880000,0x00000000d699d238,0x00000000d6c00000)
  to   space 2048K, 0% used [0x00000000d6d00000,0x00000000d6d00000,0x00000000d6f00000)
 ParOldGen       total 68608K, used 48440K [0x0000000080000000, 0x0000000084300000, 0x00000000d5580000)
  object space 68608K, 70% used [0x0000000080000000,0x0000000082f4e3d8,0x0000000084300000)
 Metaspace       used 49991K, committed 51200K, reserved 1114112K
  class space    used 5514K, committed 6016K, reserved 1048576K
}
Event: 15.841 GC heap after
{Heap after GC invocations=30 (full 2):
 PSYoungGen      total 19968K, used 960K [0x00000000d5580000, 0x00000000d6e00000, 0x0000000100000000)
  eden space 18944K, 0% used [0x00000000d5580000,0x00000000d5580000,0x00000000d6800000)
  from space 1024K, 93% used [0x00000000d6d00000,0x00000000d6df0010,0x00000000d6e00000)
  to   space 1536K, 0% used [0x00000000d6b00000,0x00000000d6b00000,0x00000000d6c80000)
 ParOldGen       total 68608K, used 49386K [0x0000000080000000, 0x0000000084300000, 0x00000000d5580000)
  object space 68608K, 71% used [0x0000000080000000,0x000000008303a8f0,0x0000000084300000)
 Metaspace       used 49991K, committed 51200K, reserved 1114112K
  class space    used 5514K, committed 6016K, reserved 1048576K
}
Event: 16.903 GC heap before
{Heap before GC invocations=31 (full 2):
 PSYoungGen      total 19968K, used 19904K [0x00000000d5580000, 0x00000000d6e00000, 0x0000000100000000)
  eden space 18944K, 100% used [0x00000000d5580000,0x00000000d6800000,0x00000000d6800000)
  from space 1024K, 93% used [0x00000000d6d00000,0x00000000d6df0010,0x00000000d6e00000)
  to   space 1536K, 0% used [0x00000000d6b00000,0x00000000d6b00000,0x00000000d6c80000)
 ParOldGen       total 68608K, used 49386K [0x0000000080000000, 0x0000000084300000, 0x00000000d5580000)
  object space 68608K, 71% used [0x0000000080000000,0x000000008303a8f0,0x0000000084300000)
 Metaspace       used 51297K, committed 52480K, reserved 1114112K
  class space    used 5647K, committed 6144K, reserved 1048576K
}
Event: 16.908 GC heap after
{Heap after GC invocations=31 (full 2):
 PSYoungGen      total 20480K, used 640K [0x00000000d5580000, 0x00000000d6d80000, 0x0000000100000000)
  eden space 18944K, 0% used [0x00000000d5580000,0x00000000d5580000,0x00000000d6800000)
  from space 1536K, 41% used [0x00000000d6b00000,0x00000000d6ba0010,0x00000000d6c80000)
  to   space 1024K, 0% used [0x00000000d6c80000,0x00000000d6c80000,0x00000000d6d80000)
 ParOldGen       total 68608K, used 50183K [0x0000000080000000, 0x0000000084300000, 0x00000000d5580000)
  object space 68608K, 73% used [0x0000000080000000,0x0000000083101fb0,0x0000000084300000)
 Metaspace       used 51297K, committed 52480K, reserved 1114112K
  class space    used 5647K, committed 6144K, reserved 1048576K
}

