# JRE version: OpenJDK Runtime Environment Temurin-21.0.10+7 (21.0.10+7) (build 21.0.10+7-LTS)
# Java VM: OpenJDK 64-Bit Server VM Temurin-21.0.10+7 (21.0.10+7-LTS, mixed mode, sharing, tiered, compressed oops, compressed class ptrs, parallel gc, windows-amd64)
GC Precious Log:
 CardTable entry size: 512
 CPUs: 8 total, 8 available
 Memory: 8030M
 Large Page Support: Disabled
 NUMA Support: Disabled
 Compressed Oops: Enabled (32-bit)
 Alignments: Space 512K, Generation 512K, Heap 2M
 Heap Min Capacity: 100M
 Heap Initial Capacity: 100M
 Heap Max Capacity: 2G
 Pre-touch: Disabled
 Parallel Workers: 8
Heap:
 PSYoungGen      total 6144K, used 3677K [0x00000000d5580000, 0x00000000d6f80000, 0x0000000100000000)
  eden space 5632K, 56% used [0x00000000d5580000,0x00000000d58987a0,0x00000000d5b00000)
  from space 512K, 99% used [0x00000000d6280000,0x00000000d62fecc0,0x00000000d6300000)
  to   space 7680K, 0% used [0x00000000d5b00000,0x00000000d5b00000,0x00000000d6280000)
 ParOldGen       total 992768K, used 209445K [0x0000000080000000, 0x00000000bc980000, 0x00000000d5580000)
  object space 992768K, 21% used [0x0000000080000000,0x000000008cc89730,0x00000000bc980000)
 Metaspace       used 86189K, committed 87936K, reserved 1179648K
  class space    used 9182K, committed 9920K, reserved 1048576K
GC Heap History (20 events):
Event: 284.021 GC heap before
{Heap before GC invocations=1805 (full 3):
 PSYoungGen      total 12288K, used 11830K [0x00000000d5580000, 0x00000000d6380000, 0x0000000100000000)
  eden space 11264K, 100% used [0x00000000d5580000,0x00000000d6080000,0x00000000d6080000)
  from space 1024K, 55% used [0x00000000d6180000,0x00000000d620d8f8,0x00000000d6280000)
  to   space 1024K, 0% used [0x00000000d6280000,0x00000000d6280000,0x00000000d6380000)
 ParOldGen       total 992768K, used 992277K [0x0000000080000000, 0x00000000bc980000, 0x00000000d5580000)
  object space 992768K, 99% used [0x0000000080000000,0x00000000bc905700,0x00000000bc980000)
 Metaspace       used 85721K, committed 87488K, reserved 1179648K
  class space    used 9130K, committed 9856K, reserved 1048576K
}
Event: 284.026 GC heap after
{Heap after GC invocations=1805 (full 3):
 PSYoungGen      total 11776K, used 308K [0x00000000d5580000, 0x00000000d6300000, 0x0000000100000000)
  eden space 11264K, 0% used [0x00000000d5580000,0x00000000d5580000,0x00000000d6080000)
  from space 512K, 60% used [0x00000000d6280000,0x00000000d62cd200,0x00000000d6300000)
  to   space 512K, 0% used [0x00000000d6200000,0x00000000d6200000,0x00000000d6280000)
 ParOldGen       total 992768K, used 992333K [0x0000000080000000, 0x00000000bc980000, 0x00000000d5580000)
  object space 992768K, 99% used [0x0000000080000000,0x00000000bc913700,0x00000000bc980000)
 Metaspace       used 85721K, committed 87488K, reserved 1179648K
  class space    used 9130K, committed 9856K, reserved 1048576K
}
Event: 284.071 GC heap before
{Heap before GC invocations=1806 (full 3):
 PSYoungGen      total 11776K, used 11572K [0x00000000d5580000, 0x00000000d6300000, 0x0000000100000000)
  eden space 11264K, 100% used [0x00000000d5580000,0x00000000d6080000,0x00000000d6080000)
  from space 512K, 60% used [0x00000000d6280000,0x00000000d62cd200,0x00000000d6300000)
  to   space 512K, 0% used [0x00000000d6200000,0x00000000d6200000,0x00000000d6280000)
 ParOldGen       total 992768K, used 992333K [0x0000000080000000, 0x00000000bc980000, 0x00000000d5580000)
  object space 992768K, 99% used [0x0000000080000000,0x00000000bc913700,0x00000000bc980000)
 Metaspace       used 85756K, committed 87488K, reserved 1179648K
  class space    used 9132K, committed 9856K, reserved 1048576K
}
Event: 284.076 GC heap after
{Heap after GC invocations=1806 (full 3):
 PSYoungGen      total 11776K, used 484K [0x00000000d5580000, 0x00000000d6300000, 0x0000000100000000)
  eden space 11264K, 0% used [0x00000000d5580000,0x00000000d5580000,0x00000000d6080000)
  from space 512K, 94% used [0x00000000d6200000,0x00000000d62791e0,0x00000000d6280000)
  to   space 512K, 0% used [0x00000000d6280000,0x00000000d6280000,0x00000000d6300000)
 ParOldGen       total 992768K, used 992413K [0x0000000080000000, 0x00000000bc980000, 0x00000000d5580000)
  object space 992768K, 99% used [0x0000000080000000,0x00000000bc927700,0x00000000bc980000)
 Metaspace       used 85756K, committed 87488K, reserved 1179648K
  class space    used 9132K, committed 9856K, reserved 1048576K
}
Event: 284.136 GC heap before
{Heap before GC invocations=1807 (full 3):
 PSYoungGen      total 11776K, used 11748K [0x00000000d5580000, 0x00000000d6300000, 0x0000000100000000)
  eden space 11264K, 100% used [0x00000000d5580000,0x00000000d6080000,0x00000000d6080000)
  from space 512K, 94% used [0x00000000d6200000,0x00000000d62791e0,0x00000000d6280000)
  to   space 512K, 0% used [0x00000000d6280000,0x00000000d6280000,0x00000000d6300000)
 ParOldGen       total 992768K, used 992413K [0x0000000080000000, 0x00000000bc980000, 0x00000000d5580000)
  object space 992768K, 99% used [0x0000000080000000,0x00000000bc927700,0x00000000bc980000)
 Metaspace       used 85810K, committed 87616K, reserved 1179648K
  class space    used 9133K, committed 9856K, reserved 1048576K
}
Event: 284.142 GC heap after
{Heap after GC invocations=1807 (full 3):
 PSYoungGen      total 11776K, used 421K [0x00000000d5580000, 0x00000000d6300000, 0x0000000100000000)
  eden space 11264K, 0% used [0x00000000d5580000,0x00000000d5580000,0x00000000d6080000)
  from space 512K, 82% used [0x00000000d6280000,0x00000000d62e9530,0x00000000d6300000)
  to   space 512K, 0% used [0x00000000d6200000,0x00000000d6200000,0x00000000d6280000)
 ParOldGen       total 992768K, used 992461K [0x0000000080000000, 0x00000000bc980000, 0x00000000d5580000)
  object space 992768K, 99% used [0x0000000080000000,0x00000000bc933700,0x00000000bc980000)
 Metaspace       used 85810K, committed 87616K, reserved 1179648K
  class space    used 9133K, committed 9856K, reserved 1048576K
}
Event: 284.172 GC heap before
{Heap before GC invocations=1808 (full 3):
 PSYoungGen      total 11776K, used 4997K [0x00000000d5580000, 0x00000000d6300000, 0x0000000100000000)
  eden space 11264K, 40% used [0x00000000d5580000,0x00000000d59f8050,0x00000000d6080000)
  from space 512K, 82% used [0x00000000d6280000,0x00000000d62e9530,0x00000000d6300000)
  to   space 512K, 0% used [0x00000000d6200000,0x00000000d6200000,0x00000000d6280000)
 ParOldGen       total 992768K, used 992461K [0x0000000080000000, 0x00000000bc980000, 0x00000000d5580000)
  object space 992768K, 99% used [0x0000000080000000,0x00000000bc933700,0x00000000bc980000)
 Metaspace       used 85820K, committed 87616K, reserved 1179648K
  class space    used 9133K, committed 9856K, reserved 1048576K
}
Event: 284.178 GC heap after
{Heap after GC invocations=1808 (full 3):
 PSYoungGen      total 11776K, used 490K [0x00000000d5580000, 0x00000000d6300000, 0x0000000100000000)
  eden space 11264K, 0% used [0x00000000d5580000,0x00000000d5580000,0x00000000d6080000)
  from space 512K, 95% used [0x00000000d6200000,0x00000000d627aa40,0x00000000d6280000)
  to   space 512K, 0% used [0x00000000d6280000,0x00000000d6280000,0x00000000d6300000)
 ParOldGen       total 992768K, used 992765K [0x0000000080000000, 0x00000000bc980000, 0x00000000d5580000)
  object space 992768K, 99% used [0x0000000080000000,0x00000000bc97f730,0x00000000bc980000)
 Metaspace       used 85820K, committed 87616K, reserved 1179648K
  class space    used 9133K, committed 9856K, reserved 1048576K
}
Event: 284.178 GC heap before
{Heap before GC invocations=1809 (full 4):
 PSYoungGen      total 11776K, used 490K [0x00000000d5580000, 0x00000000d6300000, 0x0000000100000000)
  eden space 11264K, 0% used [0x00000000d5580000,0x00000000d5580000,0x00000000d6080000)
  from space 512K, 95% used [0x00000000d6200000,0x00000000d627aa40,0x00000000d6280000)
  to   space 512K, 0% used [0x00000000d6280000,0x00000000d6280000,0x00000000d6300000)
 ParOldGen       total 992768K, used 992765K [0x0000000080000000, 0x00000000bc980000, 0x00000000d5580000)
  object space 992768K, 99% used [0x0000000080000000,0x00000000bc97f730,0x00000000bc980000)
 Metaspace       used 85820K, committed 87616K, reserved 1179648K
  class space    used 9133K, committed 9856K, reserved 1048576K
}
Event: 284.831 GC heap after
{Heap after GC invocations=1809 (full 4):
 PSYoungGen      total 11776K, used 0K [0x00000000d5580000, 0x00000000d6300000, 0x0000000100000000)
  eden space 11264K, 0% used [0x00000000d5580000,0x00000000d5580000,0x00000000d6080000)
  from space 512K, 0% used [0x00000000d6200000,0x00000000d6200000,0x00000000d6280000)
  to   space 512K, 0% used [0x00000000d6280000,0x00000000d6280000,0x00000000d6300000)
 ParOldGen       total 992768K, used 202911K [0x0000000080000000, 0x00000000bc980000, 0x00000000d5580000)
  object space 992768K, 20% used [0x0000000080000000,0x000000008c627ec8,0x00000000bc980000)
 Metaspace       used 85814K, committed 87616K, reserved 1179648K
  class space    used 9131K, committed 9856K, reserved 1048576K
}
Event: 284.947 GC heap before
{Heap before GC invocations=1810 (full 4):
 PSYoungGen      total 11776K, used 11177K [0x00000000d5580000, 0x00000000d6300000, 0x0000000100000000)
  eden space 11264K, 99% used [0x00000000d5580000,0x00000000d606a5c0,0x00000000d6080000)
  from space 512K, 0% used [0x00000000d6200000,0x00000000d6200000,0x00000000d6280000)
  to   space 512K, 0% used [0x00000000d6280000,0x00000000d6280000,0x00000000d6300000)
 ParOldGen       total 992768K, used 202911K [0x0000000080000000, 0x00000000bc980000, 0x00000000d5580000)
  object space 992768K, 20% used [0x0000000080000000,0x000000008c627ec8,0x00000000bc980000)
 Metaspace       used 85868K, committed 87680K, reserved 1179648K
  class space    used 9141K, committed 9856K, reserved 1048576K
}
Event: 284.950 GC heap after
{Heap after GC invocations=1810 (full 4):
 PSYoungGen      total 11776K, used 384K [0x00000000d5580000, 0x00000000d6300000, 0x0000000100000000)
  eden space 11264K, 0% used [0x00000000d5580000,0x00000000d5580000,0x00000000d6080000)
  from space 512K, 75% used [0x00000000d6280000,0x00000000d62e0000,0x00000000d6300000)
  to   space 1024K, 0% used [0x00000000d6100000,0x00000000d6100000,0x00000000d6200000)
 ParOldGen       total 992768K, used 202919K [0x0000000080000000, 0x00000000bc980000, 0x00000000d5580000)
  object space 992768K, 20% used [0x0000000080000000,0x000000008c629ec8,0x00000000bc980000)
 Metaspace       used 85868K, committed 87680K, reserved 1179648K
  class space    used 9141K, committed 9856K, reserved 1048576K
}
Event: 285.402 GC heap before
{Heap before GC invocations=1811 (full 4):
 PSYoungGen      total 11776K, used 11648K [0x00000000d5580000, 0x00000000d6300000, 0x0000000100000000)
  eden space 11264K, 100% used [0x00000000d5580000,0x00000000d6080000,0x00000000d6080000)
  from space 512K, 75% used [0x00000000d6280000,0x00000000d62e0000,0x00000000d6300000)
  to   space 1024K, 0% used [0x00000000d6100000,0x00000000d6100000,0x00000000d6200000)
 ParOldGen       total 992768K, used 202919K [0x0000000080000000, 0x00000000bc980000, 0x00000000d5580000)
  object space 992768K, 20% used [0x0000000080000000,0x000000008c629ec8,0x00000000bc980000)
 Metaspace       used 85876K, committed 87680K, reserved 1179648K
  class space    used 9141K, committed 9856K, reserved 1048576K
}
Event: 285.405 GC heap after
{Heap after GC invocations=1811 (full 4):
 PSYoungGen      total 12288K, used 244K [0x00000000d5580000, 0x00000000d6300000, 0x0000000100000000)
  eden space 11264K, 0% used [0x00000000d5580000,0x00000000d5580000,0x00000000d6080000)
  from space 1024K, 23% used [0x00000000d6100000,0x00000000d613d200,0x00000000d6200000)
  to   space 512K, 0% used [0x00000000d6280000,0x00000000d6280000,0x00000000d6300000)
 ParOldGen       total 992768K, used 203168K [0x0000000080000000, 0x00000000bc980000, 0x00000000d5580000)
  object space 992768K, 20% used [0x0000000080000000,0x000000008c668100,0x00000000bc980000)
 Metaspace       used 85876K, committed 87680K, reserved 1179648K
  class space    used 9141K, committed 9856K, reserved 1048576K
}
Event: 285.544 GC heap before
{Heap before GC invocations=1812 (full 4):
 PSYoungGen      total 12288K, used 11183K [0x00000000d5580000, 0x00000000d6300000, 0x0000000100000000)
  eden space 11264K, 97% used [0x00000000d5580000,0x00000000d602ed00,0x00000000d6080000)
  from space 1024K, 23% used [0x00000000d6100000,0x00000000d613d200,0x00000000d6200000)
  to   space 512K, 0% used [0x00000000d6280000,0x00000000d6280000,0x00000000d6300000)
 ParOldGen       total 992768K, used 203168K [0x0000000080000000, 0x00000000bc980000, 0x00000000d5580000)
  object space 992768K, 20% used [0x0000000080000000,0x000000008c668100,0x00000000bc980000)
 Metaspace       used 85893K, committed 87680K, reserved 1179648K
  class space    used 9141K, committed 9856K, reserved 1048576K
}
Event: 285.546 GC heap after
{Heap after GC invocations=1812 (full 4):
 PSYoungGen      total 11776K, used 288K [0x00000000d5580000, 0x00000000d6300000, 0x0000000100000000)
  eden space 11264K, 0% used [0x00000000d5580000,0x00000000d5580000,0x00000000d6080000)
  from space 512K, 56% used [0x00000000d6280000,0x00000000d62c8000,0x00000000d6300000)
  to   space 512K, 0% used [0x00000000d6200000,0x00000000d6200000,0x00000000d6280000)
 ParOldGen       total 992768K, used 203272K [0x0000000080000000, 0x00000000bc980000, 0x00000000d5580000)
  object space 992768K, 20% used [0x0000000080000000,0x000000008c682100,0x00000000bc980000)
 Metaspace       used 85893K, committed 87680K, reserved 1179648K
  class space    used 9141K, committed 9856K, reserved 1048576K
}
Event: 317.903 GC heap before
{Heap before GC invocations=1813 (full 4):
 PSYoungGen      total 11776K, used 11538K [0x00000000d5580000, 0x00000000d6300000, 0x0000000100000000)
  eden space 11264K, 99% used [0x00000000d5580000,0x00000000d607cbc0,0x00000000d6080000)
  from space 512K, 56% used [0x00000000d6280000,0x00000000d62c8000,0x00000000d6300000)
  to   space 512K, 0% used [0x00000000d6200000,0x00000000d6200000,0x00000000d6280000)
 ParOldGen       total 992768K, used 203272K [0x0000000080000000, 0x00000000bc980000, 0x00000000d5580000)
  object space 992768K, 20% used [0x0000000080000000,0x000000008c682100,0x00000000bc980000)
 Metaspace       used 85999K, committed 87744K, reserved 1179648K
  class space    used 9156K, committed 9856K, reserved 1048576K
}
Event: 317.907 GC heap after
{Heap after GC invocations=1813 (full 4):
 PSYoungGen      total 11776K, used 512K [0x00000000d5580000, 0x00000000d6300000, 0x0000000100000000)
  eden space 11264K, 0% used [0x00000000d5580000,0x00000000d5580000,0x00000000d6080000)
  from space 512K, 100% used [0x00000000d6200000,0x00000000d6280000,0x00000000d6280000)
  to   space 512K, 0% used [0x00000000d6280000,0x00000000d6280000,0x00000000d6300000)
 ParOldGen       total 992768K, used 203351K [0x0000000080000000, 0x00000000bc980000, 0x00000000d5580000)
  object space 992768K, 20% used [0x0000000080000000,0x000000008c695ee0,0x00000000bc980000)
 Metaspace       used 85999K, committed 87744K, reserved 1179648K
  class space    used 9156K, committed 9856K, reserved 1048576K
}
Event: 361.159 GC heap before
{Heap before GC invocations=1814 (full 4):
 PSYoungGen      total 11776K, used 11776K [0x00000000d5580000, 0x00000000d6300000, 0x0000000100000000)
  eden space 11264K, 100% used [0x00000000d5580000,0x00000000d6080000,0x00000000d6080000)
  from space 512K, 100% used [0x00000000d6200000,0x00000000d6280000,0x00000000d6280000)
  to   space 512K, 0% used [0x00000000d6280000,0x00000000d6280000,0x00000000d6300000)
 ParOldGen       total 992768K, used 203351K [0x0000000080000000, 0x00000000bc980000, 0x00000000d5580000)
  object space 992768K, 20% used [0x0000000080000000,0x000000008c695ee0,0x00000000bc980000)
 Metaspace       used 86175K, committed 87936K, reserved 1179648K
  class space    used 9181K, committed 9920K, reserved 1048576K
}
Event: 361.166 GC heap after
{Heap after GC invocations=1814 (full 4):
 PSYoungGen      total 6144K, used 507K [0x00000000d5580000, 0x00000000d6f80000, 0x0000000100000000)
  eden space 5632K, 0% used [0x00000000d5580000,0x00000000d5580000,0x00000000d5b00000)
  from space 512K, 99% used [0x00000000d6280000,0x00000000d62fecc0,0x00000000d6300000)
  to   space 7680K, 0% used [0x00000000d5b00000,0x00000000d5b00000,0x00000000d6280000)
 ParOldGen       total 992768K, used 209445K [0x0000000080000000, 0x00000000bc980000, 0x00000000d5580000)
  object space 992768K, 21% used [0x0000000080000000,0x000000008cc89730,0x00000000bc980000)
 Metaspace       used 86175K, committed 87936K, reserved 1179648K
  class space    used 9181K, committed 9920K, reserved 1048576K
}

