# JRE version: OpenJDK Runtime Environment Temurin-21.0.10+7 (21.0.10+7) (build 21.0.10+7-LTS)
# Java VM: OpenJDK 64-Bit Server VM Temurin-21.0.10+7 (21.0.10+7-LTS, mixed mode, sharing, tiered, compressed oops, compressed class ptrs, parallel gc, windows-amd64)
GC Precious Log:
 CardTable entry size: 512
 CPUs: 8 total, 8 available
 Memory: 8030M
 Large Page Support: Disabled
 NUMA Support: Disabled
 Compressed Oops: Enabled (32-bit)
 Alignments: Space 512K, Generation 512K, Heap 2M
 Heap Min Capacity: 100M
 Heap Initial Capacity: 100M
 Heap Max Capacity: 2G
 Pre-touch: Disabled
 Parallel Workers: 8
Heap:
 PSYoungGen      total 22016K, used 16502K [0x00000000d5580000, 0x00000000d6d00000, 0x0000000100000000)
  eden space 20480K, 73% used [0x00000000d5580000,0x00000000d642e068,0x00000000d6980000)
  from space 1536K, 99% used [0x00000000d6a00000,0x00000000d6b7f648,0x00000000d6b80000)
  to   space 1024K, 0% used [0x00000000d6c00000,0x00000000d6c00000,0x00000000d6d00000)
 ParOldGen       total 68608K, used 48484K [0x0000000080000000, 0x0000000084300000, 0x00000000d5580000)
  object space 68608K, 70% used [0x0000000080000000,0x0000000082f593a8,0x0000000084300000)
 Metaspace       used 58805K, committed 60096K, reserved 1114112K
  class space    used 6411K, committed 6976K, reserved 1048576K
GC Heap History (20 events):
Event: 42.966 GC heap before
{Heap before GC invocations=31 (full 2):
 PSYoungGen      total 22528K, used 22513K [0x00000000d5580000, 0x00000000d6f00000, 0x0000000100000000)
  eden space 22016K, 100% used [0x00000000d5580000,0x00000000d6b00000,0x00000000d6b00000)
  from space 512K, 97% used [0x00000000d6e00000,0x00000000d6e7c768,0x00000000d6e80000)
  to   space 2048K, 0% used [0x00000000d6b00000,0x00000000d6b00000,0x00000000d6d00000)
 ParOldGen       total 68608K, used 39132K [0x0000000080000000, 0x0000000084300000, 0x00000000d5580000)
  object space 68608K, 57% used [0x0000000080000000,0x00000000826372b0,0x0000000084300000)
 Metaspace       used 57283K, committed 58560K, reserved 1114112K
  class space    used 6258K, committed 6848K, reserved 1048576K
}
Event: 42.974 GC heap after
{Heap after GC invocations=31 (full 2):
 PSYoungGen      total 24064K, used 2029K [0x00000000d5580000, 0x00000000d7200000, 0x0000000100000000)
  eden space 22016K, 0% used [0x00000000d5580000,0x00000000d5580000,0x00000000d6b00000)
  from space 2048K, 99% used [0x00000000d6b00000,0x00000000d6cfb540,0x00000000d6d00000)
  to   space 3584K, 0% used [0x00000000d6e80000,0x00000000d6e80000,0x00000000d7200000)
 ParOldGen       total 68608K, used 40394K [0x0000000080000000, 0x0000000084300000, 0x00000000d5580000)
  object space 68608K, 58% used [0x0000000080000000,0x0000000082772978,0x0000000084300000)
 Metaspace       used 57283K, committed 58560K, reserved 1114112K
  class space    used 6258K, committed 6848K, reserved 1048576K
}
Event: 43.329 GC heap before
{Heap before GC invocations=32 (full 2):
 PSYoungGen      total 24064K, used 24045K [0x00000000d5580000, 0x00000000d7200000, 0x0000000100000000)
  eden space 22016K, 100% used [0x00000000d5580000,0x00000000d6b00000,0x00000000d6b00000)
  from space 2048K, 99% used [0x00000000d6b00000,0x00000000d6cfb540,0x00000000d6d00000)
  to   space 3584K, 0% used [0x00000000d6e80000,0x00000000d6e80000,0x00000000d7200000)
 ParOldGen       total 68608K, used 40394K [0x0000000080000000, 0x0000000084300000, 0x00000000d5580000)
  object space 68608K, 58% used [0x0000000080000000,0x0000000082772978,0x0000000084300000)
 Metaspace       used 57529K, committed 58816K, reserved 1114112K
  class space    used 6285K, committed 6848K, reserved 1048576K
}
Event: 43.339 GC heap after
{Heap after GC invocations=32 (full 2):
 PSYoungGen      total 24576K, used 2112K [0x00000000d5580000, 0x00000000d7100000, 0x0000000100000000)
  eden space 22016K, 0% used [0x00000000d5580000,0x00000000d5580000,0x00000000d6b00000)
  from space 2560K, 82% used [0x00000000d6e80000,0x00000000d7090040,0x00000000d7100000)
  to   space 2560K, 0% used [0x00000000d6c00000,0x00000000d6c00000,0x00000000d6e80000)
 ParOldGen       total 68608K, used 42401K [0x0000000080000000, 0x0000000084300000, 0x00000000d5580000)
  object space 68608K, 61% used [0x0000000080000000,0x00000000829687d8,0x0000000084300000)
 Metaspace       used 57529K, committed 58816K, reserved 1114112K
  class space    used 6285K, committed 6848K, reserved 1048576K
}
Event: 43.622 GC heap before
{Heap before GC invocations=33 (full 2):
 PSYoungGen      total 24576K, used 24128K [0x00000000d5580000, 0x00000000d7100000, 0x0000000100000000)
  eden space 22016K, 100% used [0x00000000d5580000,0x00000000d6b00000,0x00000000d6b00000)
  from space 2560K, 82% used [0x00000000d6e80000,0x00000000d7090040,0x00000000d7100000)
  to   space 2560K, 0% used [0x00000000d6c00000,0x00000000d6c00000,0x00000000d6e80000)
 ParOldGen       total 68608K, used 42401K [0x0000000080000000, 0x0000000084300000, 0x00000000d5580000)
  object space 68608K, 61% used [0x0000000080000000,0x00000000829687d8,0x0000000084300000)
 Metaspace       used 58144K, committed 59392K, reserved 1114112K
  class space    used 6366K, committed 6912K, reserved 1048576K
}
Event: 43.633 GC heap after
{Heap after GC invocations=33 (full 2):
 PSYoungGen      total 24576K, used 2274K [0x00000000d5580000, 0x00000000d7000000, 0x0000000100000000)
  eden space 22016K, 0% used [0x00000000d5580000,0x00000000d5580000,0x00000000d6b00000)
  from space 2560K, 88% used [0x00000000d6c00000,0x00000000d6e38810,0x00000000d6e80000)
  to   space 1536K, 0% used [0x00000000d6e80000,0x00000000d6e80000,0x00000000d7000000)
 ParOldGen       total 68608K, used 44330K [0x0000000080000000, 0x0000000084300000, 0x00000000d5580000)
  object space 68608K, 64% used [0x0000000080000000,0x0000000082b4a808,0x0000000084300000)
 Metaspace       used 58144K, committed 59392K, reserved 1114112K
  class space    used 6366K, committed 6912K, reserved 1048576K
}
Event: 43.911 GC heap before
{Heap before GC invocations=34 (full 2):
 PSYoungGen      total 24576K, used 24290K [0x00000000d5580000, 0x00000000d7000000, 0x0000000100000000)
  eden space 22016K, 100% used [0x00000000d5580000,0x00000000d6b00000,0x00000000d6b00000)
  from space 2560K, 88% used [0x00000000d6c00000,0x00000000d6e38810,0x00000000d6e80000)
  to   space 1536K, 0% used [0x00000000d6e80000,0x00000000d6e80000,0x00000000d7000000)
 ParOldGen       total 68608K, used 44330K [0x0000000080000000, 0x0000000084300000, 0x00000000d5580000)
  object space 68608K, 64% used [0x0000000080000000,0x0000000082b4a808,0x0000000084300000)
 Metaspace       used 58287K, committed 59648K, reserved 1114112K
  class space    used 6379K, committed 6976K, reserved 1048576K
}
Event: 43.925 GC heap after
{Heap after GC invocations=34 (full 2):
 PSYoungGen      total 22016K, used 1516K [0x00000000d5580000, 0x00000000d7500000, 0x0000000100000000)
  eden space 20480K, 0% used [0x00000000d5580000,0x00000000d5580000,0x00000000d6980000)
  from space 1536K, 98% used [0x00000000d6e80000,0x00000000d6ffb1d8,0x00000000d7000000)
  to   space 5120K, 0% used [0x00000000d6980000,0x00000000d6980000,0x00000000d6e80000)
 ParOldGen       total 68608K, used 47285K [0x0000000080000000, 0x0000000084300000, 0x00000000d5580000)
  object space 68608K, 68% used [0x0000000080000000,0x0000000082e2d5a0,0x0000000084300000)
 Metaspace       used 58287K, committed 59648K, reserved 1114112K
  class space    used 6379K, committed 6976K, reserved 1048576K
}
Event: 44.140 GC heap before
{Heap before GC invocations=35 (full 2):
 PSYoungGen      total 22016K, used 21996K [0x00000000d5580000, 0x00000000d7500000, 0x0000000100000000)
  eden space 20480K, 100% used [0x00000000d5580000,0x00000000d6980000,0x00000000d6980000)
  from space 1536K, 98% used [0x00000000d6e80000,0x00000000d6ffb1d8,0x00000000d7000000)
  to   space 5120K, 0% used [0x00000000d6980000,0x00000000d6980000,0x00000000d6e80000)
 ParOldGen       total 68608K, used 47285K [0x0000000080000000, 0x0000000084300000, 0x00000000d5580000)
  object space 68608K, 68% used [0x0000000080000000,0x0000000082e2d5a0,0x0000000084300000)
 Metaspace       used 58316K, committed 59648K, reserved 1114112K
  class space    used 6379K, committed 6976K, reserved 1048576K
}
Event: 44.150 GC heap after
{Heap after GC invocations=35 (full 2):
 PSYoungGen      total 23040K, used 2148K [0x00000000d5580000, 0x00000000d6f80000, 0x0000000100000000)
  eden space 20480K, 0% used [0x00000000d5580000,0x00000000d5580000,0x00000000d6980000)
  from space 2560K, 83% used [0x00000000d6980000,0x00000000d6b99000,0x00000000d6c00000)
  to   space 3072K, 0% used [0x00000000d6c80000,0x00000000d6c80000,0x00000000d6f80000)
 ParOldGen       total 68608K, used 48780K [0x0000000080000000, 0x0000000084300000, 0x00000000d5580000)
  object space 68608K, 71% used [0x0000000080000000,0x0000000082fa31e8,0x0000000084300000)
 Metaspace       used 58316K, committed 59648K, reserved 1114112K
  class space    used 6379K, committed 6976K, reserved 1048576K
}
Event: 44.353 GC heap before
{Heap before GC invocations=36 (full 2):
 PSYoungGen      total 23040K, used 22628K [0x00000000d5580000, 0x00000000d6f80000, 0x0000000100000000)
  eden space 20480K, 100% used [0x00000000d5580000,0x00000000d6980000,0x00000000d6980000)
  from space 2560K, 83% used [0x00000000d6980000,0x00000000d6b99000,0x00000000d6c00000)
  to   space 3072K, 0% used [0x00000000d6c80000,0x00000000d6c80000,0x00000000d6f80000)
 ParOldGen       total 68608K, used 48780K [0x0000000080000000, 0x0000000084300000, 0x00000000d5580000)
  object space 68608K, 71% used [0x0000000080000000,0x0000000082fa31e8,0x0000000084300000)
 Metaspace       used 58368K, committed 59712K, reserved 1114112K
  class space    used 6380K, committed 6976K, reserved 1048576K
}
Event: 44.362 GC heap after
{Heap after GC invocations=36 (full 2):
 PSYoungGen      total 23040K, used 2144K [0x00000000d5580000, 0x00000000d6f00000, 0x0000000100000000)
  eden space 20480K, 0% used [0x00000000d5580000,0x00000000d5580000,0x00000000d6980000)
  from space 2560K, 83% used [0x00000000d6c80000,0x00000000d6e98020,0x00000000d6f00000)
  to   space 2560K, 0% used [0x00000000d6980000,0x00000000d6980000,0x00000000d6c00000)
 ParOldGen       total 68608K, used 50824K [0x0000000080000000, 0x0000000084300000, 0x00000000d5580000)
  object space 68608K, 74% used [0x0000000080000000,0x00000000831a2310,0x0000000084300000)
 Metaspace       used 58368K, committed 59712K, reserved 1114112K
  class space    used 6380K, committed 6976K, reserved 1048576K
}
Event: 44.598 GC heap before
{Heap before GC invocations=37 (full 2):
 PSYoungGen      total 23040K, used 22624K [0x00000000d5580000, 0x00000000d6f00000, 0x0000000100000000)
  eden space 20480K, 100% used [0x00000000d5580000,0x00000000d6980000,0x00000000d6980000)
  from space 2560K, 83% used [0x00000000d6c80000,0x00000000d6e98020,0x00000000d6f00000)
  to   space 2560K, 0% used [0x00000000d6980000,0x00000000d6980000,0x00000000d6c00000)
 ParOldGen       total 68608K, used 50824K [0x0000000080000000, 0x0000000084300000, 0x00000000d5580000)
  object space 68608K, 74% used [0x0000000080000000,0x00000000831a2310,0x0000000084300000)
 Metaspace       used 58438K, committed 59776K, reserved 1114112K
  class space    used 6380K, committed 6976K, reserved 1048576K
}
Event: 44.606 GC heap after
{Heap after GC invocations=37 (full 2):
 PSYoungGen      total 23040K, used 2112K [0x00000000d5580000, 0x00000000d6e80000, 0x0000000100000000)
  eden space 20480K, 0% used [0x00000000d5580000,0x00000000d5580000,0x00000000d6980000)
  from space 2560K, 82% used [0x00000000d6980000,0x00000000d6b90010,0x00000000d6c00000)
  to   space 2560K, 0% used [0x00000000d6c00000,0x00000000d6c00000,0x00000000d6e80000)
 ParOldGen       total 68608K, used 52829K [0x0000000080000000, 0x0000000084300000, 0x00000000d5580000)
  object space 68608K, 77% used [0x0000000080000000,0x0000000083397690,0x0000000084300000)
 Metaspace       used 58438K, committed 59776K, reserved 1114112K
  class space    used 6380K, committed 6976K, reserved 1048576K
}
Event: 44.670 GC heap before
{Heap before GC invocations=38 (full 2):
 PSYoungGen      total 23040K, used 9208K [0x00000000d5580000, 0x00000000d6e80000, 0x0000000100000000)
  eden space 20480K, 34% used [0x00000000d5580000,0x00000000d5c6e208,0x00000000d6980000)
  from space 2560K, 82% used [0x00000000d6980000,0x00000000d6b90010,0x00000000d6c00000)
  to   space 2560K, 0% used [0x00000000d6c00000,0x00000000d6c00000,0x00000000d6e80000)
 ParOldGen       total 68608K, used 52829K [0x0000000080000000, 0x0000000084300000, 0x00000000d5580000)
  object space 68608K, 77% used [0x0000000080000000,0x0000000083397690,0x0000000084300000)
 Metaspace       used 58502K, committed 59776K, reserved 1114112K
  class space    used 6380K, committed 6976K, reserved 1048576K
}
Event: 44.678 GC heap after
{Heap after GC invocations=38 (full 2):
 PSYoungGen      total 21504K, used 899K [0x00000000d5580000, 0x00000000d6d00000, 0x0000000100000000)
  eden space 20480K, 0% used [0x00000000d5580000,0x00000000d5580000,0x00000000d6980000)
  from space 1024K, 87% used [0x00000000d6c00000,0x00000000d6ce0ff8,0x00000000d6d00000)
  to   space 1536K, 0% used [0x00000000d6a00000,0x00000000d6a00000,0x00000000d6b80000)
 ParOldGen       total 68608K, used 54837K [0x0000000080000000, 0x0000000084300000, 0x00000000d5580000)
  object space 68608K, 79% used [0x0000000080000000,0x000000008358d658,0x0000000084300000)
 Metaspace       used 58502K, committed 59776K, reserved 1114112K
  class space    used 6380K, committed 6976K, reserved 1048576K
}
Event: 44.678 GC heap before
{Heap before GC invocations=39 (full 3):
 PSYoungGen      total 21504K, used 899K [0x00000000d5580000, 0x00000000d6d00000, 0x0000000100000000)
  eden space 20480K, 0% used [0x00000000d5580000,0x00000000d5580000,0x00000000d6980000)
  from space 1024K, 87% used [0x00000000d6c00000,0x00000000d6ce0ff8,0x00000000d6d00000)
  to   space 1536K, 0% used [0x00000000d6a00000,0x00000000d6a00000,0x00000000d6b80000)
 ParOldGen       total 68608K, used 54837K [0x0000000080000000, 0x0000000084300000, 0x00000000d5580000)
  object space 68608K, 79% used [0x0000000080000000,0x000000008358d658,0x0000000084300000)
 Metaspace       used 58502K, committed 59776K, reserved 1114112K
  class space    used 6380K, committed 6976K, reserved 1048576K
}
Event: 45.197 GC heap after
{Heap after GC invocations=39 (full 3):
 PSYoungGen      total 21504K, used 0K [0x00000000d5580000, 0x00000000d6d00000, 0x0000000100000000)
  eden space 20480K, 0% used [0x00000000d5580000,0x00000000d5580000,0x00000000d6980000)
  from space 1024K, 0% used [0x00000000d6c00000,0x00000000d6c00000,0x00000000d6d00000)
  to   space 1536K, 0% used [0x00000000d6a00000,0x00000000d6a00000,0x00000000d6b80000)
 ParOldGen       total 68608K, used 48134K [0x0000000080000000, 0x0000000084300000, 0x00000000d5580000)
  object space 68608K, 70% used [0x0000000080000000,0x0000000082f018f0,0x0000000084300000)
 Metaspace       used 58495K, committed 59776K, reserved 1114112K
  class space    used 6378K, committed 6976K, reserved 1048576K
}
Event: 47.382 GC heap before
{Heap before GC invocations=40 (full 3):
 PSYoungGen      total 21504K, used 20480K [0x00000000d5580000, 0x00000000d6d00000, 0x0000000100000000)
  eden space 20480K, 100% used [0x00000000d5580000,0x00000000d6980000,0x00000000d6980000)
  from space 1024K, 0% used [0x00000000d6c00000,0x00000000d6c00000,0x00000000d6d00000)
  to   space 1536K, 0% used [0x00000000d6a00000,0x00000000d6a00000,0x00000000d6b80000)
 ParOldGen       total 68608K, used 48134K [0x0000000080000000, 0x0000000084300000, 0x00000000d5580000)
  object space 68608K, 70% used [0x0000000080000000,0x0000000082f018f0,0x0000000084300000)
 Metaspace       used 58674K, committed 59968K, reserved 1114112K
  class space    used 6395K, committed 6976K, reserved 1048576K
}
Event: 49.402 GC heap after
{Heap after GC invocations=40 (full 3):
 PSYoungGen      total 22016K, used 1533K [0x00000000d5580000, 0x00000000d6d00000, 0x0000000100000000)
  eden space 20480K, 0% used [0x00000000d5580000,0x00000000d5580000,0x00000000d6980000)
  from space 1536K, 99% used [0x00000000d6a00000,0x00000000d6b7f648,0x00000000d6b80000)
  to   space 1024K, 0% used [0x00000000d6c00000,0x00000000d6c00000,0x00000000d6d00000)
 ParOldGen       total 68608K, used 48484K [0x0000000080000000, 0x0000000084300000, 0x00000000d5580000)
  object space 68608K, 70% used [0x0000000080000000,0x0000000082f593a8,0x0000000084300000)
 Metaspace       used 58674K, committed 59968K, reserved 1114112K
  class space    used 6395K, committed 6976K, reserved 1048576K
}

