# JRE version: OpenJDK Runtime Environment Temurin-21.0.10+7 (21.0.10+7) (build 21.0.10+7-LTS)
# Java VM: OpenJDK 64-Bit Server VM Temurin-21.0.10+7 (21.0.10+7-LTS, mixed mode, sharing, tiered, compressed oops, compressed class ptrs, parallel gc, windows-amd64)
GC Precious Log:
 CardTable entry size: 512
 CPUs: 8 total, 8 available
 Memory: 8030M
 Large Page Support: Disabled
 NUMA Support: Disabled
 Compressed Oops: Enabled (32-bit)
 Alignments: Space 512K, Generation 512K, Heap 2M
 Heap Min Capacity: 100M
 Heap Initial Capacity: 100M
 Heap Max Capacity: 2G
 Pre-touch: Disabled
 Parallel Workers: 8
Heap:
 PSYoungGen      total 7680K, used 6808K [0x00000000d5580000, 0x00000000d6580000, 0x0000000100000000)
  eden space 5120K, 82% used [0x00000000d5580000,0x00000000d59a63f0,0x00000000d5a80000)
  from space 2560K, 99% used [0x00000000d5a80000,0x00000000d5cffdd0,0x00000000d5d00000)
  to   space 5632K, 0% used [0x00000000d6000000,0x00000000d6000000,0x00000000d6580000)
 ParOldGen       total 807424K, used 807276K [0x0000000080000000, 0x00000000b1480000, 0x00000000d5580000)
  object space 807424K, 99% used [0x0000000080000000,0x00000000b145b180,0x00000000b1480000)
 Metaspace       used 69647K, committed 71232K, reserved 1114112K
  class space    used 7240K, committed 7936K, reserved 1048576K
GC Heap History (20 events):
Event: 98.544 GC heap before
{Heap before GC invocations=1277 (full 3):
 PSYoungGen      total 5632K, used 5600K [0x00000000d5580000, 0x00000000d5f80000, 0x0000000100000000)
  eden space 4096K, 100% used [0x00000000d5580000,0x00000000d5980000,0x00000000d5980000)
  from space 1536K, 97% used [0x00000000d5a80000,0x00000000d5bf8010,0x00000000d5c00000)
  to   space 3072K, 0% used [0x00000000d5c80000,0x00000000d5c80000,0x00000000d5f80000)
 ParOldGen       total 790528K, used 790527K [0x0000000080000000, 0x00000000b0400000, 0x00000000d5580000)
  object space 790528K, 99% used [0x0000000080000000,0x00000000b03ffc60,0x00000000b0400000)
 Metaspace       used 68813K, committed 70400K, reserved 1114112K
  class space    used 7107K, committed 7808K, reserved 1048576K
}
Event: 98.552 GC heap after
{Heap after GC invocations=1277 (full 3):
 PSYoungGen      total 5120K, used 960K [0x00000000d5580000, 0x00000000d5d80000, 0x0000000100000000)
  eden space 4096K, 0% used [0x00000000d5580000,0x00000000d5580000,0x00000000d5980000)
  from space 1024K, 93% used [0x00000000d5c80000,0x00000000d5d70000,0x00000000d5d80000)
  to   space 1536K, 0% used [0x00000000d5a80000,0x00000000d5a80000,0x00000000d5c00000)
 ParOldGen       total 792064K, used 792055K [0x0000000080000000, 0x00000000b0580000, 0x00000000d5580000)
  object space 792064K, 99% used [0x0000000080000000,0x00000000b057dc70,0x00000000b0580000)
 Metaspace       used 68813K, committed 70400K, reserved 1114112K
  class space    used 7107K, committed 7808K, reserved 1048576K
}
Event: 98.645 GC heap before
{Heap before GC invocations=1278 (full 3):
 PSYoungGen      total 5120K, used 5055K [0x00000000d5580000, 0x00000000d5d80000, 0x0000000100000000)
  eden space 4096K, 99% used [0x00000000d5580000,0x00000000d597ffa8,0x00000000d5980000)
  from space 1024K, 93% used [0x00000000d5c80000,0x00000000d5d70000,0x00000000d5d80000)
  to   space 1536K, 0% used [0x00000000d5a80000,0x00000000d5a80000,0x00000000d5c00000)
 ParOldGen       total 792064K, used 792055K [0x0000000080000000, 0x00000000b0580000, 0x00000000d5580000)
  object space 792064K, 99% used [0x0000000080000000,0x00000000b057dc70,0x00000000b0580000)
 Metaspace       used 68883K, committed 70464K, reserved 1114112K
  class space    used 7117K, committed 7808K, reserved 1048576K
}
Event: 98.656 GC heap after
{Heap after GC invocations=1278 (full 3):
 PSYoungGen      total 5632K, used 1510K [0x00000000d5580000, 0x00000000d6180000, 0x0000000100000000)
  eden space 4096K, 0% used [0x00000000d5580000,0x00000000d5580000,0x00000000d5980000)
  from space 1536K, 98% used [0x00000000d5a80000,0x00000000d5bf9848,0x00000000d5c00000)
  to   space 4096K, 0% used [0x00000000d5d80000,0x00000000d5d80000,0x00000000d6180000)
 ParOldGen       total 794112K, used 793843K [0x0000000080000000, 0x00000000b0780000, 0x00000000d5580000)
  object space 794112K, 99% used [0x0000000080000000,0x00000000b073cfa0,0x00000000b0780000)
 Metaspace       used 68883K, committed 70464K, reserved 1114112K
  class space    used 7117K, committed 7808K, reserved 1048576K
}
Event: 98.673 GC heap before
{Heap before GC invocations=1279 (full 3):
 PSYoungGen      total 5632K, used 5606K [0x00000000d5580000, 0x00000000d6180000, 0x0000000100000000)
  eden space 4096K, 100% used [0x00000000d5580000,0x00000000d5980000,0x00000000d5980000)
  from space 1536K, 98% used [0x00000000d5a80000,0x00000000d5bf9848,0x00000000d5c00000)
  to   space 4096K, 0% used [0x00000000d5d80000,0x00000000d5d80000,0x00000000d6180000)
 ParOldGen       total 794112K, used 793843K [0x0000000080000000, 0x00000000b0780000, 0x00000000d5580000)
  object space 794112K, 99% used [0x0000000080000000,0x00000000b073cfa0,0x00000000b0780000)
 Metaspace       used 68884K, committed 70464K, reserved 1114112K
  class space    used 7117K, committed 7808K, reserved 1048576K
}
Event: 98.685 GC heap after
{Heap after GC invocations=1279 (full 3):
 PSYoungGen      total 8192K, used 3838K [0x00000000d5580000, 0x00000000d6280000, 0x0000000100000000)
  eden space 4096K, 0% used [0x00000000d5580000,0x00000000d5580000,0x00000000d5980000)
  from space 4096K, 93% used [0x00000000d5d80000,0x00000000d613f848,0x00000000d6180000)
  to   space 4096K, 0% used [0x00000000d5980000,0x00000000d5980000,0x00000000d5d80000)
 ParOldGen       total 795648K, used 795387K [0x0000000080000000, 0x00000000b0900000, 0x00000000d5580000)
  object space 795648K, 99% used [0x0000000080000000,0x00000000b08bede0,0x00000000b0900000)
 Metaspace       used 68884K, committed 70464K, reserved 1114112K
  class space    used 7117K, committed 7808K, reserved 1048576K
}
Event: 98.702 GC heap before
{Heap before GC invocations=1280 (full 3):
 PSYoungGen      total 8192K, used 7934K [0x00000000d5580000, 0x00000000d6280000, 0x0000000100000000)
  eden space 4096K, 100% used [0x00000000d5580000,0x00000000d5980000,0x00000000d5980000)
  from space 4096K, 93% used [0x00000000d5d80000,0x00000000d613f848,0x00000000d6180000)
  to   space 4096K, 0% used [0x00000000d5980000,0x00000000d5980000,0x00000000d5d80000)
 ParOldGen       total 795648K, used 795387K [0x0000000080000000, 0x00000000b0900000, 0x00000000d5580000)
  object space 795648K, 99% used [0x0000000080000000,0x00000000b08bede0,0x00000000b0900000)
 Metaspace       used 68887K, committed 70464K, reserved 1114112K
  class space    used 7117K, committed 7808K, reserved 1048576K
}
Event: 98.709 GC heap after
{Heap after GC invocations=1280 (full 3):
 PSYoungGen      total 8192K, used 3104K [0x00000000d5580000, 0x00000000d6180000, 0x0000000100000000)
  eden space 4096K, 0% used [0x00000000d5580000,0x00000000d5580000,0x00000000d5980000)
  from space 4096K, 75% used [0x00000000d5980000,0x00000000d5c88000,0x00000000d5d80000)
  to   space 3584K, 0% used [0x00000000d5e00000,0x00000000d5e00000,0x00000000d6180000)
 ParOldGen       total 799232K, used 799119K [0x0000000080000000, 0x00000000b0c80000, 0x00000000d5580000)
  object space 799232K, 99% used [0x0000000080000000,0x00000000b0c63e10,0x00000000b0c80000)
 Metaspace       used 68887K, committed 70464K, reserved 1114112K
  class space    used 7117K, committed 7808K, reserved 1048576K
}
Event: 98.739 GC heap before
{Heap before GC invocations=1281 (full 3):
 PSYoungGen      total 8192K, used 7181K [0x00000000d5580000, 0x00000000d6180000, 0x0000000100000000)
  eden space 4096K, 99% used [0x00000000d5580000,0x00000000d597b578,0x00000000d5980000)
  from space 4096K, 75% used [0x00000000d5980000,0x00000000d5c88000,0x00000000d5d80000)
  to   space 3584K, 0% used [0x00000000d5e00000,0x00000000d5e00000,0x00000000d6180000)
 ParOldGen       total 799232K, used 799119K [0x0000000080000000, 0x00000000b0c80000, 0x00000000d5580000)
  object space 799232K, 99% used [0x0000000080000000,0x00000000b0c63e10,0x00000000b0c80000)
 Metaspace       used 68951K, committed 70528K, reserved 1114112K
  class space    used 7124K, committed 7808K, reserved 1048576K
}
Event: 98.749 GC heap after
{Heap after GC invocations=1281 (full 3):
 PSYoungGen      total 6656K, used 1364K [0x00000000d5580000, 0x00000000d5f80000, 0x0000000100000000)
  eden space 5120K, 0% used [0x00000000d5580000,0x00000000d5580000,0x00000000d5a80000)
  from space 1536K, 88% used [0x00000000d5e00000,0x00000000d5f55240,0x00000000d5f80000)
  to   space 2560K, 0% used [0x00000000d5a80000,0x00000000d5a80000,0x00000000d5d00000)
 ParOldGen       total 802304K, used 802125K [0x0000000080000000, 0x00000000b0f80000, 0x00000000d5580000)
  object space 802304K, 99% used [0x0000000080000000,0x00000000b0f535d0,0x00000000b0f80000)
 Metaspace       used 68951K, committed 70528K, reserved 1114112K
  class space    used 7124K, committed 7808K, reserved 1048576K
}
Event: 98.812 GC heap before
{Heap before GC invocations=1282 (full 3):
 PSYoungGen      total 6656K, used 6484K [0x00000000d5580000, 0x00000000d5f80000, 0x0000000100000000)
  eden space 5120K, 99% used [0x00000000d5580000,0x00000000d5a7ffe0,0x00000000d5a80000)
  from space 1536K, 88% used [0x00000000d5e00000,0x00000000d5f55240,0x00000000d5f80000)
  to   space 2560K, 0% used [0x00000000d5a80000,0x00000000d5a80000,0x00000000d5d00000)
 ParOldGen       total 802304K, used 802125K [0x0000000080000000, 0x00000000b0f80000, 0x00000000d5580000)
  object space 802304K, 99% used [0x0000000080000000,0x00000000b0f535d0,0x00000000b0f80000)
 Metaspace       used 69067K, committed 70656K, reserved 1114112K
  class space    used 7137K, committed 7808K, reserved 1048576K
}
Event: 98.818 GC heap after
{Heap after GC invocations=1282 (full 3):
 PSYoungGen      total 7680K, used 256K [0x00000000d5580000, 0x00000000d5e80000, 0x0000000100000000)
  eden space 5120K, 0% used [0x00000000d5580000,0x00000000d5580000,0x00000000d5a80000)
  from space 2560K, 10% used [0x00000000d5a80000,0x00000000d5ac0000,0x00000000d5d00000)
  to   space 1024K, 0% used [0x00000000d5d80000,0x00000000d5d80000,0x00000000d5e80000)
 ParOldGen       total 803840K, used 803404K [0x0000000080000000, 0x00000000b1100000, 0x00000000d5580000)
  object space 803840K, 99% used [0x0000000080000000,0x00000000b1093190,0x00000000b1100000)
 Metaspace       used 69067K, committed 70656K, reserved 1114112K
  class space    used 7137K, committed 7808K, reserved 1048576K
}
Event: 99.135 GC heap before
{Heap before GC invocations=1283 (full 3):
 PSYoungGen      total 7680K, used 5376K [0x00000000d5580000, 0x00000000d5e80000, 0x0000000100000000)
  eden space 5120K, 100% used [0x00000000d5580000,0x00000000d5a80000,0x00000000d5a80000)
  from space 2560K, 10% used [0x00000000d5a80000,0x00000000d5ac0000,0x00000000d5d00000)
  to   space 1024K, 0% used [0x00000000d5d80000,0x00000000d5d80000,0x00000000d5e80000)
 ParOldGen       total 803840K, used 803404K [0x0000000080000000, 0x00000000b1100000, 0x00000000d5580000)
  object space 803840K, 99% used [0x0000000080000000,0x00000000b1093190,0x00000000b1100000)
 Metaspace       used 69183K, committed 70784K, reserved 1114112K
  class space    used 7173K, committed 7872K, reserved 1048576K
}
Event: 99.139 GC heap after
{Heap after GC invocations=1283 (full 3):
 PSYoungGen      total 5632K, used 192K [0x00000000d5580000, 0x00000000d5e00000, 0x0000000100000000)
  eden space 5120K, 0% used [0x00000000d5580000,0x00000000d5580000,0x00000000d5a80000)
  from space 512K, 37% used [0x00000000d5d80000,0x00000000d5db0000,0x00000000d5e00000)
  to   space 512K, 0% used [0x00000000d5d00000,0x00000000d5d00000,0x00000000d5d80000)
 ParOldGen       total 803840K, used 803452K [0x0000000080000000, 0x00000000b1100000, 0x00000000d5580000)
  object space 803840K, 99% used [0x0000000080000000,0x00000000b109f190,0x00000000b1100000)
 Metaspace       used 69183K, committed 70784K, reserved 1114112K
  class space    used 7173K, committed 7872K, reserved 1048576K
}
Event: 183.285 GC heap before
{Heap before GC invocations=1284 (full 3):
 PSYoungGen      total 5632K, used 5312K [0x00000000d5580000, 0x00000000d5e00000, 0x0000000100000000)
  eden space 5120K, 100% used [0x00000000d5580000,0x00000000d5a80000,0x00000000d5a80000)
  from space 512K, 37% used [0x00000000d5d80000,0x00000000d5db0000,0x00000000d5e00000)
  to   space 512K, 0% used [0x00000000d5d00000,0x00000000d5d00000,0x00000000d5d80000)
 ParOldGen       total 803840K, used 803452K [0x0000000080000000, 0x00000000b1100000, 0x00000000d5580000)
  object space 803840K, 99% used [0x0000000080000000,0x00000000b109f190,0x00000000b1100000)
 Metaspace       used 69317K, committed 70912K, reserved 1114112K
  class space    used 7188K, committed 7872K, reserved 1048576K
}
Event: 183.293 GC heap after
{Heap after GC invocations=1284 (full 3):
 PSYoungGen      total 5632K, used 352K [0x00000000d5580000, 0x00000000d5e00000, 0x0000000100000000)
  eden space 5120K, 0% used [0x00000000d5580000,0x00000000d5580000,0x00000000d5a80000)
  from space 512K, 68% used [0x00000000d5d00000,0x00000000d5d58020,0x00000000d5d80000)
  to   space 512K, 0% used [0x00000000d5d80000,0x00000000d5d80000,0x00000000d5e00000)
 ParOldGen       total 803840K, used 803532K [0x0000000080000000, 0x00000000b1100000, 0x00000000d5580000)
  object space 803840K, 99% used [0x0000000080000000,0x00000000b10b3190,0x00000000b1100000)
 Metaspace       used 69317K, committed 70912K, reserved 1114112K
  class space    used 7188K, committed 7872K, reserved 1048576K
}
Event: 183.374 GC heap before
{Heap before GC invocations=1285 (full 3):
 PSYoungGen      total 5632K, used 5472K [0x00000000d5580000, 0x00000000d5e00000, 0x0000000100000000)
  eden space 5120K, 100% used [0x00000000d5580000,0x00000000d5a80000,0x00000000d5a80000)
  from space 512K, 68% used [0x00000000d5d00000,0x00000000d5d58020,0x00000000d5d80000)
  to   space 512K, 0% used [0x00000000d5d80000,0x00000000d5d80000,0x00000000d5e00000)
 ParOldGen       total 803840K, used 803532K [0x0000000080000000, 0x00000000b1100000, 0x00000000d5580000)
  object space 803840K, 99% used [0x0000000080000000,0x00000000b10b3190,0x00000000b1100000)
 Metaspace       used 69505K, committed 71040K, reserved 1114112K
  class space    used 7210K, committed 7872K, reserved 1048576K
}
Event: 183.380 GC heap after
{Heap after GC invocations=1285 (full 3):
 PSYoungGen      total 5632K, used 505K [0x00000000d5580000, 0x00000000d5f80000, 0x0000000100000000)
  eden space 5120K, 0% used [0x00000000d5580000,0x00000000d5580000,0x00000000d5a80000)
  from space 512K, 98% used [0x00000000d5d80000,0x00000000d5dfe578,0x00000000d5e00000)
  to   space 2560K, 0% used [0x00000000d5a80000,0x00000000d5a80000,0x00000000d5d00000)
 ParOldGen       total 805376K, used 805091K [0x0000000080000000, 0x00000000b1280000, 0x00000000d5580000)
  object space 805376K, 99% used [0x0000000080000000,0x00000000b1238d20,0x00000000b1280000)
 Metaspace       used 69505K, committed 71040K, reserved 1114112K
  class space    used 7210K, committed 7872K, reserved 1048576K
}
Event: 183.422 GC heap before
{Heap before GC invocations=1286 (full 3):
 PSYoungGen      total 5632K, used 5625K [0x00000000d5580000, 0x00000000d5f80000, 0x0000000100000000)
  eden space 5120K, 99% used [0x00000000d5580000,0x00000000d5a7ffe0,0x00000000d5a80000)
  from space 512K, 98% used [0x00000000d5d80000,0x00000000d5dfe578,0x00000000d5e00000)
  to   space 2560K, 0% used [0x00000000d5a80000,0x00000000d5a80000,0x00000000d5d00000)
 ParOldGen       total 805376K, used 805091K [0x0000000080000000, 0x00000000b1280000, 0x00000000d5580000)
  object space 805376K, 99% used [0x0000000080000000,0x00000000b1238d20,0x00000000b1280000)
 Metaspace       used 69505K, committed 71040K, reserved 1114112K
  class space    used 7210K, committed 7872K, reserved 1048576K
}
Event: 183.429 GC heap after
{Heap after GC invocations=1286 (full 3):
 PSYoungGen      total 7680K, used 2559K [0x00000000d5580000, 0x00000000d6580000, 0x0000000100000000)
  eden space 5120K, 0% used [0x00000000d5580000,0x00000000d5580000,0x00000000d5a80000)
  from space 2560K, 99% used [0x00000000d5a80000,0x00000000d5cffdd0,0x00000000d5d00000)
  to   space 5632K, 0% used [0x00000000d6000000,0x00000000d6000000,0x00000000d6580000)
 ParOldGen       total 807424K, used 807276K [0x0000000080000000, 0x00000000b1480000, 0x00000000d5580000)
  object space 807424K, 99% used [0x0000000080000000,0x00000000b145b180,0x00000000b1480000)
 Metaspace       used 69505K, committed 71040K, reserved 1114112K
  class space    used 7210K, committed 7872K, reserved 1048576K
}

