# JRE version: OpenJDK Runtime Environment Temurin-21.0.10+7 (21.0.10+7) (build 21.0.10+7-LTS)
# Java VM: OpenJDK 64-Bit Server VM Temurin-21.0.10+7 (21.0.10+7-LTS, mixed mode, sharing, tiered, compressed oops, compressed class ptrs, parallel gc, windows-amd64)
GC Precious Log:
 CardTable entry size: 512
 CPUs: 8 total, 8 available
 Memory: 8030M
 Large Page Support: Disabled
 NUMA Support: Disabled
 Compressed Oops: Enabled (32-bit)
 Alignments: Space 512K, Generation 512K, Heap 2M
 Heap Min Capacity: 100M
 Heap Initial Capacity: 100M
 Heap Max Capacity: 2G
 Pre-touch: Disabled
 Parallel Workers: 8
Heap:
 PSYoungGen      total 13824K, used 3539K [0x00000000d5580000, 0x00000000d6500000, 0x0000000100000000)
  eden space 11776K, 16% used [0x00000000d5580000,0x00000000d5758df0,0x00000000d6100000)
  from space 2048K, 80% used [0x00000000d6100000,0x00000000d629c1d0,0x00000000d6300000)
  to   space 2048K, 0% used [0x00000000d6300000,0x00000000d6300000,0x00000000d6500000)
 ParOldGen       total 99840K, used 99483K [0x0000000080000000, 0x0000000086180000, 0x00000000d5580000)
  object space 99840K, 99% used [0x0000000080000000,0x0000000086126de0,0x0000000086180000)
 Metaspace       used 73485K, committed 75072K, reserved 1179648K
  class space    used 7768K, committed 8448K, reserved 1048576K
GC Heap History (20 events):
Event: 56.791 GC heap before
{Heap before GC invocations=135 (full 3):
 PSYoungGen      total 13312K, used 13184K [0x00000000d5580000, 0x00000000d6380000, 0x0000000100000000)
  eden space 12800K, 100% used [0x00000000d5580000,0x00000000d6200000,0x00000000d6200000)
  from space 512K, 75% used [0x00000000d6280000,0x00000000d62e0000,0x00000000d6300000)
  to   space 512K, 0% used [0x00000000d6300000,0x00000000d6300000,0x00000000d6380000)
 ParOldGen       total 94720K, used 94463K [0x0000000080000000, 0x0000000085c80000, 0x00000000d5580000)
  object space 94720K, 99% used [0x0000000080000000,0x0000000085c3fed8,0x0000000085c80000)
 Metaspace       used 70128K, committed 71616K, reserved 1114112K
  class space    used 7465K, committed 8128K, reserved 1048576K
}
Event: 56.793 GC heap after
{Heap after GC invocations=135 (full 3):
 PSYoungGen      total 13312K, used 288K [0x00000000d5580000, 0x00000000d6380000, 0x0000000100000000)
  eden space 12800K, 0% used [0x00000000d5580000,0x00000000d5580000,0x00000000d6200000)
  from space 512K, 56% used [0x00000000d6300000,0x00000000d6348000,0x00000000d6380000)
  to   space 512K, 0% used [0x00000000d6280000,0x00000000d6280000,0x00000000d6300000)
 ParOldGen       total 94720K, used 94679K [0x0000000080000000, 0x0000000085c80000, 0x00000000d5580000)
  object space 94720K, 99% used [0x0000000080000000,0x0000000085c75ed8,0x0000000085c80000)
 Metaspace       used 70128K, committed 71616K, reserved 1114112K
  class space    used 7465K, committed 8128K, reserved 1048576K
}
Event: 56.817 GC heap before
{Heap before GC invocations=136 (full 3):
 PSYoungGen      total 13312K, used 13088K [0x00000000d5580000, 0x00000000d6380000, 0x0000000100000000)
  eden space 12800K, 100% used [0x00000000d5580000,0x00000000d6200000,0x00000000d6200000)
  from space 512K, 56% used [0x00000000d6300000,0x00000000d6348000,0x00000000d6380000)
  to   space 512K, 0% used [0x00000000d6280000,0x00000000d6280000,0x00000000d6300000)
 ParOldGen       total 94720K, used 94679K [0x0000000080000000, 0x0000000085c80000, 0x00000000d5580000)
  object space 94720K, 99% used [0x0000000080000000,0x0000000085c75ed8,0x0000000085c80000)
 Metaspace       used 70128K, committed 71616K, reserved 1114112K
  class space    used 7465K, committed 8128K, reserved 1048576K
}
Event: 56.818 GC heap after
{Heap after GC invocations=136 (full 3):
 PSYoungGen      total 13312K, used 256K [0x00000000d5580000, 0x00000000d6380000, 0x0000000100000000)
  eden space 12800K, 0% used [0x00000000d5580000,0x00000000d5580000,0x00000000d6200000)
  from space 512K, 50% used [0x00000000d6280000,0x00000000d62c0000,0x00000000d6300000)
  to   space 512K, 0% used [0x00000000d6300000,0x00000000d6300000,0x00000000d6380000)
 ParOldGen       total 95232K, used 94878K [0x0000000080000000, 0x0000000085d00000, 0x00000000d5580000)
  object space 95232K, 99% used [0x0000000080000000,0x0000000085ca7bd8,0x0000000085d00000)
 Metaspace       used 70128K, committed 71616K, reserved 1114112K
  class space    used 7465K, committed 8128K, reserved 1048576K
}
Event: 56.876 GC heap before
{Heap before GC invocations=137 (full 3):
 PSYoungGen      total 13312K, used 13056K [0x00000000d5580000, 0x00000000d6380000, 0x0000000100000000)
  eden space 12800K, 100% used [0x00000000d5580000,0x00000000d6200000,0x00000000d6200000)
  from space 512K, 50% used [0x00000000d6280000,0x00000000d62c0000,0x00000000d6300000)
  to   space 512K, 0% used [0x00000000d6300000,0x00000000d6300000,0x00000000d6380000)
 ParOldGen       total 95232K, used 94878K [0x0000000080000000, 0x0000000085d00000, 0x00000000d5580000)
  object space 95232K, 99% used [0x0000000080000000,0x0000000085ca7bd8,0x0000000085d00000)
 Metaspace       used 70129K, committed 71616K, reserved 1114112K
  class space    used 7465K, committed 8128K, reserved 1048576K
}
Event: 56.879 GC heap after
{Heap after GC invocations=137 (full 3):
 PSYoungGen      total 13312K, used 448K [0x00000000d5580000, 0x00000000d6380000, 0x0000000100000000)
  eden space 12800K, 0% used [0x00000000d5580000,0x00000000d5580000,0x00000000d6200000)
  from space 512K, 87% used [0x00000000d6300000,0x00000000d6370000,0x00000000d6380000)
  to   space 512K, 0% used [0x00000000d6280000,0x00000000d6280000,0x00000000d6300000)
 ParOldGen       total 95232K, used 95086K [0x0000000080000000, 0x0000000085d00000, 0x00000000d5580000)
  object space 95232K, 99% used [0x0000000080000000,0x0000000085cdbbd8,0x0000000085d00000)
 Metaspace       used 70129K, committed 71616K, reserved 1114112K
  class space    used 7465K, committed 8128K, reserved 1048576K
}
Event: 56.955 GC heap before
{Heap before GC invocations=138 (full 3):
 PSYoungGen      total 13312K, used 13248K [0x00000000d5580000, 0x00000000d6380000, 0x0000000100000000)
  eden space 12800K, 100% used [0x00000000d5580000,0x00000000d6200000,0x00000000d6200000)
  from space 512K, 87% used [0x00000000d6300000,0x00000000d6370000,0x00000000d6380000)
  to   space 512K, 0% used [0x00000000d6280000,0x00000000d6280000,0x00000000d6300000)
 ParOldGen       total 95232K, used 95086K [0x0000000080000000, 0x0000000085d00000, 0x00000000d5580000)
  object space 95232K, 99% used [0x0000000080000000,0x0000000085cdbbd8,0x0000000085d00000)
 Metaspace       used 70130K, committed 71616K, reserved 1114112K
  class space    used 7465K, committed 8128K, reserved 1048576K
}
Event: 56.957 GC heap after
{Heap after GC invocations=138 (full 3):
 PSYoungGen      total 13312K, used 384K [0x00000000d5580000, 0x00000000d6380000, 0x0000000100000000)
  eden space 12800K, 0% used [0x00000000d5580000,0x00000000d5580000,0x00000000d6200000)
  from space 512K, 75% used [0x00000000d6280000,0x00000000d62e0000,0x00000000d6300000)
  to   space 512K, 0% used [0x00000000d6300000,0x00000000d6300000,0x00000000d6380000)
 ParOldGen       total 95744K, used 95366K [0x0000000080000000, 0x0000000085d80000, 0x00000000d5580000)
  object space 95744K, 99% used [0x0000000080000000,0x0000000085d21bd8,0x0000000085d80000)
 Metaspace       used 70130K, committed 71616K, reserved 1114112K
  class space    used 7465K, committed 8128K, reserved 1048576K
}
Event: 56.993 GC heap before
{Heap before GC invocations=139 (full 3):
 PSYoungGen      total 13312K, used 13184K [0x00000000d5580000, 0x00000000d6380000, 0x0000000100000000)
  eden space 12800K, 100% used [0x00000000d5580000,0x00000000d6200000,0x00000000d6200000)
  from space 512K, 75% used [0x00000000d6280000,0x00000000d62e0000,0x00000000d6300000)
  to   space 512K, 0% used [0x00000000d6300000,0x00000000d6300000,0x00000000d6380000)
 ParOldGen       total 95744K, used 95366K [0x0000000080000000, 0x0000000085d80000, 0x00000000d5580000)
  object space 95744K, 99% used [0x0000000080000000,0x0000000085d21bd8,0x0000000085d80000)
 Metaspace       used 70133K, committed 71616K, reserved 1114112K
  class space    used 7465K, committed 8128K, reserved 1048576K
}
Event: 56.995 GC heap after
{Heap after GC invocations=139 (full 3):
 PSYoungGen      total 13312K, used 276K [0x00000000d5580000, 0x00000000d6380000, 0x0000000100000000)
  eden space 12800K, 0% used [0x00000000d5580000,0x00000000d5580000,0x00000000d6200000)
  from space 512K, 54% used [0x00000000d6300000,0x00000000d6345200,0x00000000d6380000)
  to   space 512K, 0% used [0x00000000d6280000,0x00000000d6280000,0x00000000d6300000)
 ParOldGen       total 95744K, used 95534K [0x0000000080000000, 0x0000000085d80000, 0x00000000d5580000)
  object space 95744K, 99% used [0x0000000080000000,0x0000000085d4bbd8,0x0000000085d80000)
 Metaspace       used 70133K, committed 71616K, reserved 1114112K
  class space    used 7465K, committed 8128K, reserved 1048576K
}
Event: 57.133 GC heap before
{Heap before GC invocations=140 (full 3):
 PSYoungGen      total 13312K, used 13076K [0x00000000d5580000, 0x00000000d6380000, 0x0000000100000000)
  eden space 12800K, 100% used [0x00000000d5580000,0x00000000d6200000,0x00000000d6200000)
  from space 512K, 54% used [0x00000000d6300000,0x00000000d6345200,0x00000000d6380000)
  to   space 512K, 0% used [0x00000000d6280000,0x00000000d6280000,0x00000000d6300000)
 ParOldGen       total 95744K, used 95534K [0x0000000080000000, 0x0000000085d80000, 0x00000000d5580000)
  object space 95744K, 99% used [0x0000000080000000,0x0000000085d4bbd8,0x0000000085d80000)
 Metaspace       used 70270K, committed 71744K, reserved 1114112K
  class space    used 7486K, committed 8128K, reserved 1048576K
}
Event: 57.137 GC heap after
{Heap after GC invocations=140 (full 3):
 PSYoungGen      total 13312K, used 506K [0x00000000d5580000, 0x00000000d6500000, 0x0000000100000000)
  eden space 12800K, 0% used [0x00000000d5580000,0x00000000d5580000,0x00000000d6200000)
  from space 512K, 98% used [0x00000000d6280000,0x00000000d62fe900,0x00000000d6300000)
  to   space 1536K, 0% used [0x00000000d6380000,0x00000000d6380000,0x00000000d6500000)
 ParOldGen       total 96256K, used 96182K [0x0000000080000000, 0x0000000085e00000, 0x00000000d5580000)
  object space 96256K, 99% used [0x0000000080000000,0x0000000085dedbf8,0x0000000085e00000)
 Metaspace       used 70270K, committed 71744K, reserved 1114112K
  class space    used 7486K, committed 8128K, reserved 1048576K
}
Event: 57.365 GC heap before
{Heap before GC invocations=141 (full 3):
 PSYoungGen      total 13312K, used 13306K [0x00000000d5580000, 0x00000000d6500000, 0x0000000100000000)
  eden space 12800K, 99% used [0x00000000d5580000,0x00000000d61fff68,0x00000000d6200000)
  from space 512K, 98% used [0x00000000d6280000,0x00000000d62fe900,0x00000000d6300000)
  to   space 1536K, 0% used [0x00000000d6380000,0x00000000d6380000,0x00000000d6500000)
 ParOldGen       total 96256K, used 96182K [0x0000000080000000, 0x0000000085e00000, 0x00000000d5580000)
  object space 96256K, 99% used [0x0000000080000000,0x0000000085dedbf8,0x0000000085e00000)
 Metaspace       used 70540K, committed 72128K, reserved 1114112K
  class space    used 7506K, committed 8192K, reserved 1048576K
}
Event: 57.371 GC heap after
{Heap after GC invocations=141 (full 3):
 PSYoungGen      total 14336K, used 1385K [0x00000000d5580000, 0x00000000d6500000, 0x0000000100000000)
  eden space 12800K, 0% used [0x00000000d5580000,0x00000000d5580000,0x00000000d6200000)
  from space 1536K, 90% used [0x00000000d6380000,0x00000000d64da4f8,0x00000000d6500000)
  to   space 1536K, 0% used [0x00000000d6200000,0x00000000d6200000,0x00000000d6380000)
 ParOldGen       total 96768K, used 96566K [0x0000000080000000, 0x0000000085e80000, 0x00000000d5580000)
  object space 96768K, 99% used [0x0000000080000000,0x0000000085e4dbf8,0x0000000085e80000)
 Metaspace       used 70540K, committed 72128K, reserved 1114112K
  class space    used 7506K, committed 8192K, reserved 1048576K
}
Event: 57.840 GC heap before
{Heap before GC invocations=142 (full 3):
 PSYoungGen      total 14336K, used 14183K [0x00000000d5580000, 0x00000000d6500000, 0x0000000100000000)
  eden space 12800K, 99% used [0x00000000d5580000,0x00000000d61ff7b0,0x00000000d6200000)
  from space 1536K, 90% used [0x00000000d6380000,0x00000000d64da4f8,0x00000000d6500000)
  to   space 1536K, 0% used [0x00000000d6200000,0x00000000d6200000,0x00000000d6380000)
 ParOldGen       total 96768K, used 96566K [0x0000000080000000, 0x0000000085e80000, 0x00000000d5580000)
  object space 96768K, 99% used [0x0000000080000000,0x0000000085e4dbf8,0x0000000085e80000)
 Metaspace       used 71572K, committed 73088K, reserved 1114112K
  class space    used 7600K, committed 8256K, reserved 1048576K
}
Event: 57.846 GC heap after
{Heap after GC invocations=142 (full 3):
 PSYoungGen      total 13824K, used 608K [0x00000000d5580000, 0x00000000d6400000, 0x0000000100000000)
  eden space 12800K, 0% used [0x00000000d5580000,0x00000000d5580000,0x00000000d6200000)
  from space 1024K, 59% used [0x00000000d6200000,0x00000000d6298000,0x00000000d6300000)
  to   space 1024K, 0% used [0x00000000d6300000,0x00000000d6300000,0x00000000d6400000)
 ParOldGen       total 98304K, used 97795K [0x0000000080000000, 0x0000000086000000, 0x00000000d5580000)
  object space 98304K, 99% used [0x0000000080000000,0x0000000085f80e88,0x0000000086000000)
 Metaspace       used 71572K, committed 73088K, reserved 1114112K
  class space    used 7600K, committed 8256K, reserved 1048576K
}
Event: 58.573 GC heap before
{Heap before GC invocations=143 (full 3):
 PSYoungGen      total 13824K, used 13378K [0x00000000d5580000, 0x00000000d6400000, 0x0000000100000000)
  eden space 12800K, 99% used [0x00000000d5580000,0x00000000d61f88c8,0x00000000d6200000)
  from space 1024K, 59% used [0x00000000d6200000,0x00000000d6298000,0x00000000d6300000)
  to   space 1024K, 0% used [0x00000000d6300000,0x00000000d6300000,0x00000000d6400000)
 ParOldGen       total 98304K, used 97795K [0x0000000080000000, 0x0000000086000000, 0x00000000d5580000)
  object space 98304K, 99% used [0x0000000080000000,0x0000000085f80e88,0x0000000086000000)
 Metaspace       used 72638K, committed 74112K, reserved 1179648K
  class space    used 7683K, committed 8320K, reserved 1048576K
}
Event: 58.578 GC heap after
{Heap after GC invocations=143 (full 3):
 PSYoungGen      total 12800K, used 1015K [0x00000000d5580000, 0x00000000d6600000, 0x0000000100000000)
  eden space 11776K, 0% used [0x00000000d5580000,0x00000000d5580000,0x00000000d6100000)
  from space 1024K, 99% used [0x00000000d6300000,0x00000000d63fddd8,0x00000000d6400000)
  to   space 2048K, 0% used [0x00000000d6100000,0x00000000d6100000,0x00000000d6300000)
 ParOldGen       total 98816K, used 98495K [0x0000000080000000, 0x0000000086080000, 0x00000000d5580000)
  object space 98816K, 99% used [0x0000000080000000,0x000000008602ff20,0x0000000086080000)
 Metaspace       used 72638K, committed 74112K, reserved 1179648K
  class space    used 7683K, committed 8320K, reserved 1048576K
}
Event: 59.504 GC heap before
{Heap before GC invocations=144 (full 3):
 PSYoungGen      total 12800K, used 12791K [0x00000000d5580000, 0x00000000d6600000, 0x0000000100000000)
  eden space 11776K, 100% used [0x00000000d5580000,0x00000000d6100000,0x00000000d6100000)
  from space 1024K, 99% used [0x00000000d6300000,0x00000000d63fddd8,0x00000000d6400000)
  to   space 2048K, 0% used [0x00000000d6100000,0x00000000d6100000,0x00000000d6300000)
 ParOldGen       total 98816K, used 98495K [0x0000000080000000, 0x0000000086080000, 0x00000000d5580000)
  object space 98816K, 99% used [0x0000000080000000,0x000000008602ff20,0x0000000086080000)
 Metaspace       used 73266K, committed 74816K, reserved 1179648K
  class space    used 7752K, committed 8448K, reserved 1048576K
}
Event: 59.507 GC heap after
{Heap after GC invocations=144 (full 3):
 PSYoungGen      total 13824K, used 1648K [0x00000000d5580000, 0x00000000d6500000, 0x0000000100000000)
  eden space 11776K, 0% used [0x00000000d5580000,0x00000000d5580000,0x00000000d6100000)
  from space 2048K, 80% used [0x00000000d6100000,0x00000000d629c1d0,0x00000000d6300000)
  to   space 2048K, 0% used [0x00000000d6300000,0x00000000d6300000,0x00000000d6500000)
 ParOldGen       total 99840K, used 99483K [0x0000000080000000, 0x0000000086180000, 0x00000000d5580000)
  object space 99840K, 99% used [0x0000000080000000,0x0000000086126de0,0x0000000086180000)
 Metaspace       used 73266K, committed 74816K, reserved 1179648K
  class space    used 7752K, committed 8448K, reserved 1048576K
}

