# JRE version: OpenJDK Runtime Environment Temurin-21.0.10+7 (21.0.10+7) (build 21.0.10+7-LTS)
# Java VM: OpenJDK 64-Bit Server VM Temurin-21.0.10+7 (21.0.10+7-LTS, mixed mode, sharing, tiered, compressed oops, compressed class ptrs, parallel gc, windows-amd64)
GC Precious Log:
 CardTable entry size: 512
 CPUs: 8 total, 8 available
 Memory: 8030M
 Large Page Support: Disabled
 NUMA Support: Disabled
 Compressed Oops: Enabled (32-bit)
 Alignments: Space 512K, Generation 512K, Heap 2M
 Heap Min Capacity: 100M
 Heap Initial Capacity: 100M
 Heap Max Capacity: 2G
 Pre-touch: Disabled
 Parallel Workers: 8
Heap:
 PSYoungGen      total 3072K, used 2912K [0x00000000d5580000, 0x00000000d5980000, 0x0000000100000000)
  eden space 2560K, 100% used [0x00000000d5580000,0x00000000d5800000,0x00000000d5800000)
  from space 512K, 68% used [0x00000000d5900000,0x00000000d5958000,0x00000000d5980000)
  to   space 512K, 0% used [0x00000000d5880000,0x00000000d5880000,0x00000000d5900000)
 ParOldGen       total 658944K, used 658823K [0x0000000080000000, 0x00000000a8380000, 0x00000000d5580000)
  object space 658944K, 99% used [0x0000000080000000,0x00000000a8361c08,0x00000000a8380000)
 Metaspace       used 72043K, committed 73472K, reserved 1114112K
  class space    used 7628K, committed 8192K, reserved 1048576K
GC Heap History (20 events):
Event: 94.757 GC heap before
{Heap before GC invocations=1396 (full 3):
 PSYoungGen      total 3072K, used 2907K [0x00000000d5580000, 0x00000000d5980000, 0x0000000100000000)
  eden space 2560K, 100% used [0x00000000d5580000,0x00000000d5800000,0x00000000d5800000)
  from space 512K, 67% used [0x00000000d5900000,0x00000000d5956c08,0x00000000d5980000)
  to   space 512K, 0% used [0x00000000d5880000,0x00000000d5880000,0x00000000d5900000)
 ParOldGen       total 656384K, used 656047K [0x0000000080000000, 0x00000000a8100000, 0x00000000d5580000)
  object space 656384K, 99% used [0x0000000080000000,0x00000000a80abeb8,0x00000000a8100000)
 Metaspace       used 72043K, committed 73472K, reserved 1114112K
  class space    used 7628K, committed 8192K, reserved 1048576K
}
Event: 94.759 GC heap after
{Heap after GC invocations=1396 (full 3):
 PSYoungGen      total 3072K, used 288K [0x00000000d5580000, 0x00000000d5980000, 0x0000000100000000)
  eden space 2560K, 0% used [0x00000000d5580000,0x00000000d5580000,0x00000000d5800000)
  from space 512K, 56% used [0x00000000d5880000,0x00000000d58c8000,0x00000000d5900000)
  to   space 512K, 0% used [0x00000000d5900000,0x00000000d5900000,0x00000000d5980000)
 ParOldGen       total 656384K, used 656306K [0x0000000080000000, 0x00000000a8100000, 0x00000000d5580000)
  object space 656384K, 99% used [0x0000000080000000,0x00000000a80ecac0,0x00000000a8100000)
 Metaspace       used 72043K, committed 73472K, reserved 1114112K
  class space    used 7628K, committed 8192K, reserved 1048576K
}
Event: 94.788 GC heap before
{Heap before GC invocations=1397 (full 3):
 PSYoungGen      total 3072K, used 2837K [0x00000000d5580000, 0x00000000d5980000, 0x0000000100000000)
  eden space 2560K, 99% used [0x00000000d5580000,0x00000000d57fd650,0x00000000d5800000)
  from space 512K, 56% used [0x00000000d5880000,0x00000000d58c8000,0x00000000d5900000)
  to   space 512K, 0% used [0x00000000d5900000,0x00000000d5900000,0x00000000d5980000)
 ParOldGen       total 656384K, used 656306K [0x0000000080000000, 0x00000000a8100000, 0x00000000d5580000)
  object space 656384K, 99% used [0x0000000080000000,0x00000000a80ecac0,0x00000000a8100000)
 Metaspace       used 72043K, committed 73472K, reserved 1114112K
  class space    used 7628K, committed 8192K, reserved 1048576K
}
Event: 94.792 GC heap after
{Heap after GC invocations=1397 (full 3):
 PSYoungGen      total 3072K, used 320K [0x00000000d5580000, 0x00000000d5980000, 0x0000000100000000)
  eden space 2560K, 0% used [0x00000000d5580000,0x00000000d5580000,0x00000000d5800000)
  from space 512K, 62% used [0x00000000d5900000,0x00000000d5950000,0x00000000d5980000)
  to   space 512K, 0% used [0x00000000d5880000,0x00000000d5880000,0x00000000d5900000)
 ParOldGen       total 656896K, used 656562K [0x0000000080000000, 0x00000000a8180000, 0x00000000d5580000)
  object space 656896K, 99% used [0x0000000080000000,0x00000000a812cac0,0x00000000a8180000)
 Metaspace       used 72043K, committed 73472K, reserved 1114112K
  class space    used 7628K, committed 8192K, reserved 1048576K
}
Event: 94.808 GC heap before
{Heap before GC invocations=1398 (full 3):
 PSYoungGen      total 3072K, used 2880K [0x00000000d5580000, 0x00000000d5980000, 0x0000000100000000)
  eden space 2560K, 100% used [0x00000000d5580000,0x00000000d5800000,0x00000000d5800000)
  from space 512K, 62% used [0x00000000d5900000,0x00000000d5950000,0x00000000d5980000)
  to   space 512K, 0% used [0x00000000d5880000,0x00000000d5880000,0x00000000d5900000)
 ParOldGen       total 656896K, used 656562K [0x0000000080000000, 0x00000000a8180000, 0x00000000d5580000)
  object space 656896K, 99% used [0x0000000080000000,0x00000000a812cac0,0x00000000a8180000)
 Metaspace       used 72043K, committed 73472K, reserved 1114112K
  class space    used 7628K, committed 8192K, reserved 1048576K
}
Event: 94.810 GC heap after
{Heap after GC invocations=1398 (full 3):
 PSYoungGen      total 3072K, used 310K [0x00000000d5580000, 0x00000000d5980000, 0x0000000100000000)
  eden space 2560K, 0% used [0x00000000d5580000,0x00000000d5580000,0x00000000d5800000)
  from space 512K, 60% used [0x00000000d5880000,0x00000000d58cd808,0x00000000d5900000)
  to   space 512K, 0% used [0x00000000d5900000,0x00000000d5900000,0x00000000d5980000)
 ParOldGen       total 656896K, used 656794K [0x0000000080000000, 0x00000000a8180000, 0x00000000d5580000)
  object space 656896K, 99% used [0x0000000080000000,0x00000000a8166ac0,0x00000000a8180000)
 Metaspace       used 72043K, committed 73472K, reserved 1114112K
  class space    used 7628K, committed 8192K, reserved 1048576K
}
Event: 94.830 GC heap before
{Heap before GC invocations=1399 (full 3):
 PSYoungGen      total 3072K, used 2866K [0x00000000d5580000, 0x00000000d5980000, 0x0000000100000000)
  eden space 2560K, 99% used [0x00000000d5580000,0x00000000d57ff0f8,0x00000000d5800000)
  from space 512K, 60% used [0x00000000d5880000,0x00000000d58cd808,0x00000000d5900000)
  to   space 512K, 0% used [0x00000000d5900000,0x00000000d5900000,0x00000000d5980000)
 ParOldGen       total 656896K, used 656794K [0x0000000080000000, 0x00000000a8180000, 0x00000000d5580000)
  object space 656896K, 99% used [0x0000000080000000,0x00000000a8166ac0,0x00000000a8180000)
 Metaspace       used 72043K, committed 73472K, reserved 1114112K
  class space    used 7628K, committed 8192K, reserved 1048576K
}
Event: 94.832 GC heap after
{Heap after GC invocations=1399 (full 3):
 PSYoungGen      total 3072K, used 352K [0x00000000d5580000, 0x00000000d5980000, 0x0000000100000000)
  eden space 2560K, 0% used [0x00000000d5580000,0x00000000d5580000,0x00000000d5800000)
  from space 512K, 68% used [0x00000000d5900000,0x00000000d5958000,0x00000000d5980000)
  to   space 512K, 0% used [0x00000000d5880000,0x00000000d5880000,0x00000000d5900000)
 ParOldGen       total 657408K, used 657048K [0x0000000080000000, 0x00000000a8200000, 0x00000000d5580000)
  object space 657408K, 99% used [0x0000000080000000,0x00000000a81a62c8,0x00000000a8200000)
 Metaspace       used 72043K, committed 73472K, reserved 1114112K
  class space    used 7628K, committed 8192K, reserved 1048576K
}
Event: 94.885 GC heap before
{Heap before GC invocations=1400 (full 3):
 PSYoungGen      total 3072K, used 2912K [0x00000000d5580000, 0x00000000d5980000, 0x0000000100000000)
  eden space 2560K, 100% used [0x00000000d5580000,0x00000000d5800000,0x00000000d5800000)
  from space 512K, 68% used [0x00000000d5900000,0x00000000d5958000,0x00000000d5980000)
  to   space 512K, 0% used [0x00000000d5880000,0x00000000d5880000,0x00000000d5900000)
 ParOldGen       total 657408K, used 657048K [0x0000000080000000, 0x00000000a8200000, 0x00000000d5580000)
  object space 657408K, 99% used [0x0000000080000000,0x00000000a81a62c8,0x00000000a8200000)
 Metaspace       used 72043K, committed 73472K, reserved 1114112K
  class space    used 7628K, committed 8192K, reserved 1048576K
}
Event: 94.889 GC heap after
{Heap after GC invocations=1400 (full 3):
 PSYoungGen      total 3072K, used 424K [0x00000000d5580000, 0x00000000d5980000, 0x0000000100000000)
  eden space 2560K, 0% used [0x00000000d5580000,0x00000000d5580000,0x00000000d5800000)
  from space 512K, 82% used [0x00000000d5880000,0x00000000d58ea2c8,0x00000000d5900000)
  to   space 512K, 0% used [0x00000000d5900000,0x00000000d5900000,0x00000000d5980000)
 ParOldGen       total 657408K, used 657312K [0x0000000080000000, 0x00000000a8200000, 0x00000000d5580000)
  object space 657408K, 99% used [0x0000000080000000,0x00000000a81e82c8,0x00000000a8200000)
 Metaspace       used 72043K, committed 73472K, reserved 1114112K
  class space    used 7628K, committed 8192K, reserved 1048576K
}
Event: 94.930 GC heap before
{Heap before GC invocations=1401 (full 3):
 PSYoungGen      total 3072K, used 2984K [0x00000000d5580000, 0x00000000d5980000, 0x0000000100000000)
  eden space 2560K, 100% used [0x00000000d5580000,0x00000000d5800000,0x00000000d5800000)
  from space 512K, 82% used [0x00000000d5880000,0x00000000d58ea2c8,0x00000000d5900000)
  to   space 512K, 0% used [0x00000000d5900000,0x00000000d5900000,0x00000000d5980000)
 ParOldGen       total 657408K, used 657312K [0x0000000080000000, 0x00000000a8200000, 0x00000000d5580000)
  object space 657408K, 99% used [0x0000000080000000,0x00000000a81e82c8,0x00000000a8200000)
 Metaspace       used 72043K, committed 73472K, reserved 1114112K
  class space    used 7628K, committed 8192K, reserved 1048576K
}
Event: 94.933 GC heap after
{Heap after GC invocations=1401 (full 3):
 PSYoungGen      total 3072K, used 384K [0x00000000d5580000, 0x00000000d5980000, 0x0000000100000000)
  eden space 2560K, 0% used [0x00000000d5580000,0x00000000d5580000,0x00000000d5800000)
  from space 512K, 75% used [0x00000000d5900000,0x00000000d5960000,0x00000000d5980000)
  to   space 512K, 0% used [0x00000000d5880000,0x00000000d5880000,0x00000000d5900000)
 ParOldGen       total 657920K, used 657613K [0x0000000080000000, 0x00000000a8280000, 0x00000000d5580000)
  object space 657920K, 99% used [0x0000000080000000,0x00000000a82337f8,0x00000000a8280000)
 Metaspace       used 72043K, committed 73472K, reserved 1114112K
  class space    used 7628K, committed 8192K, reserved 1048576K
}
Event: 94.957 GC heap before
{Heap before GC invocations=1402 (full 3):
 PSYoungGen      total 3072K, used 2935K [0x00000000d5580000, 0x00000000d5980000, 0x0000000100000000)
  eden space 2560K, 99% used [0x00000000d5580000,0x00000000d57fddb8,0x00000000d5800000)
  from space 512K, 75% used [0x00000000d5900000,0x00000000d5960000,0x00000000d5980000)
  to   space 512K, 0% used [0x00000000d5880000,0x00000000d5880000,0x00000000d5900000)
 ParOldGen       total 657920K, used 657613K [0x0000000080000000, 0x00000000a8280000, 0x00000000d5580000)
  object space 657920K, 99% used [0x0000000080000000,0x00000000a82337f8,0x00000000a8280000)
 Metaspace       used 72043K, committed 73472K, reserved 1114112K
  class space    used 7628K, committed 8192K, reserved 1048576K
}
Event: 94.962 GC heap after
{Heap after GC invocations=1402 (full 3):
 PSYoungGen      total 3072K, used 446K [0x00000000d5580000, 0x00000000d5980000, 0x0000000100000000)
  eden space 2560K, 0% used [0x00000000d5580000,0x00000000d5580000,0x00000000d5800000)
  from space 512K, 87% used [0x00000000d5880000,0x00000000d58ef960,0x00000000d5900000)
  to   space 512K, 0% used [0x00000000d5900000,0x00000000d5900000,0x00000000d5980000)
 ParOldGen       total 658432K, used 657937K [0x0000000080000000, 0x00000000a8300000, 0x00000000d5580000)
  object space 658432K, 99% used [0x0000000080000000,0x00000000a8284400,0x00000000a8300000)
 Metaspace       used 72043K, committed 73472K, reserved 1114112K
  class space    used 7628K, committed 8192K, reserved 1048576K
}
Event: 94.988 GC heap before
{Heap before GC invocations=1403 (full 3):
 PSYoungGen      total 3072K, used 3006K [0x00000000d5580000, 0x00000000d5980000, 0x0000000100000000)
  eden space 2560K, 100% used [0x00000000d5580000,0x00000000d5800000,0x00000000d5800000)
  from space 512K, 87% used [0x00000000d5880000,0x00000000d58ef960,0x00000000d5900000)
  to   space 512K, 0% used [0x00000000d5900000,0x00000000d5900000,0x00000000d5980000)
 ParOldGen       total 658432K, used 657937K [0x0000000080000000, 0x00000000a8300000, 0x00000000d5580000)
  object space 658432K, 99% used [0x0000000080000000,0x00000000a8284400,0x00000000a8300000)
 Metaspace       used 72043K, committed 73472K, reserved 1114112K
  class space    used 7628K, committed 8192K, reserved 1048576K
}
Event: 94.992 GC heap after
{Heap after GC invocations=1403 (full 3):
 PSYoungGen      total 3072K, used 470K [0x00000000d5580000, 0x00000000d5980000, 0x0000000100000000)
  eden space 2560K, 0% used [0x00000000d5580000,0x00000000d5580000,0x00000000d5800000)
  from space 512K, 91% used [0x00000000d5900000,0x00000000d5975808,0x00000000d5980000)
  to   space 512K, 0% used [0x00000000d5880000,0x00000000d5880000,0x00000000d5900000)
 ParOldGen       total 658432K, used 658193K [0x0000000080000000, 0x00000000a8300000, 0x00000000d5580000)
  object space 658432K, 99% used [0x0000000080000000,0x00000000a82c4400,0x00000000a8300000)
 Metaspace       used 72043K, committed 73472K, reserved 1114112K
  class space    used 7628K, committed 8192K, reserved 1048576K
}
Event: 95.018 GC heap before
{Heap before GC invocations=1404 (full 3):
 PSYoungGen      total 3072K, used 3030K [0x00000000d5580000, 0x00000000d5980000, 0x0000000100000000)
  eden space 2560K, 100% used [0x00000000d5580000,0x00000000d5800000,0x00000000d5800000)
  from space 512K, 91% used [0x00000000d5900000,0x00000000d5975808,0x00000000d5980000)
  to   space 512K, 0% used [0x00000000d5880000,0x00000000d5880000,0x00000000d5900000)
 ParOldGen       total 658432K, used 658193K [0x0000000080000000, 0x00000000a8300000, 0x00000000d5580000)
  object space 658432K, 99% used [0x0000000080000000,0x00000000a82c4400,0x00000000a8300000)
 Metaspace       used 72043K, committed 73472K, reserved 1114112K
  class space    used 7628K, committed 8192K, reserved 1048576K
}
Event: 95.023 GC heap after
{Heap after GC invocations=1404 (full 3):
 PSYoungGen      total 3072K, used 384K [0x00000000d5580000, 0x00000000d5980000, 0x0000000100000000)
  eden space 2560K, 0% used [0x00000000d5580000,0x00000000d5580000,0x00000000d5800000)
  from space 512K, 75% used [0x00000000d5880000,0x00000000d58e0000,0x00000000d5900000)
  to   space 512K, 0% used [0x00000000d5900000,0x00000000d5900000,0x00000000d5980000)
 ParOldGen       total 658944K, used 658535K [0x0000000080000000, 0x00000000a8380000, 0x00000000d5580000)
  object space 658944K, 99% used [0x0000000080000000,0x00000000a8319c08,0x00000000a8380000)
 Metaspace       used 72043K, committed 73472K, reserved 1114112K
  class space    used 7628K, committed 8192K, reserved 1048576K
}
Event: 95.043 GC heap before
{Heap before GC invocations=1405 (full 3):
 PSYoungGen      total 3072K, used 2944K [0x00000000d5580000, 0x00000000d5980000, 0x0000000100000000)
  eden space 2560K, 100% used [0x00000000d5580000,0x00000000d5800000,0x00000000d5800000)
  from space 512K, 75% used [0x00000000d5880000,0x00000000d58e0000,0x00000000d5900000)
  to   space 512K, 0% used [0x00000000d5900000,0x00000000d5900000,0x00000000d5980000)
 ParOldGen       total 658944K, used 658535K [0x0000000080000000, 0x00000000a8380000, 0x00000000d5580000)
  object space 658944K, 99% used [0x0000000080000000,0x00000000a8319c08,0x00000000a8380000)
 Metaspace       used 72043K, committed 73472K, reserved 1114112K
  class space    used 7628K, committed 8192K, reserved 1048576K
}
Event: 95.045 GC heap after
{Heap after GC invocations=1405 (full 3):
 PSYoungGen      total 3072K, used 352K [0x00000000d5580000, 0x00000000d5980000, 0x0000000100000000)
  eden space 2560K, 0% used [0x00000000d5580000,0x00000000d5580000,0x00000000d5800000)
  from space 512K, 68% used [0x00000000d5900000,0x00000000d5958000,0x00000000d5980000)
  to   space 512K, 0% used [0x00000000d5880000,0x00000000d5880000,0x00000000d5900000)
 ParOldGen       total 658944K, used 658823K [0x0000000080000000, 0x00000000a8380000, 0x00000000d5580000)
  object space 658944K, 99% used [0x0000000080000000,0x00000000a8361c08,0x00000000a8380000)
 Metaspace       used 72043K, committed 73472K, reserved 1114112K
  class space    used 7628K, committed 8192K, reserved 1048576K
}

