# JRE version: OpenJDK Runtime Environment Temurin-21.0.10+7 (21.0.10+7) (build 21.0.10+7-LTS)
# Java VM: OpenJDK 64-Bit Server VM Temurin-21.0.10+7 (21.0.10+7-LTS, mixed mode, sharing, tiered, compressed oops, compressed class ptrs, parallel gc, windows-amd64)
GC Precious Log:
 CardTable entry size: 512
 CPUs: 8 total, 8 available
 Memory: 8030M
 Large Page Support: Disabled
 NUMA Support: Disabled
 Compressed Oops: Enabled (32-bit)
 Alignments: Space 512K, Generation 512K, Heap 2M
 Heap Min Capacity: 100M
 Heap Initial Capacity: 100M
 Heap Max Capacity: 2G
 Pre-touch: Disabled
 Parallel Workers: 8
Heap:
 PSYoungGen      total 2560K, used 934K [0x00000000d5580000, 0x00000000d5900000, 0x0000000100000000)
  eden space 2048K, 32% used [0x00000000d5580000,0x00000000d562d958,0x00000000d5780000)
  from space 512K, 60% used [0x00000000d5780000,0x00000000d57cd200,0x00000000d5800000)
  to   space 512K, 0% used [0x00000000d5880000,0x00000000d5880000,0x00000000d5900000)
 ParOldGen       total 429568K, used 429425K [0x0000000080000000, 0x000000009a380000, 0x00000000d5580000)
  object space 429568K, 99% used [0x0000000080000000,0x000000009a35c5c8,0x000000009a380000)
 Metaspace       used 92964K, committed 94656K, reserved 1179648K
  class space    used 9747K, committed 10496K, reserved 1048576K
GC Heap History (20 events):
Event: 8339.168 GC heap after
{Heap after GC invocations=1679 (full 4):
 PSYoungGen      total 5120K, used 788K [0x00000000d5580000, 0x00000000d5b80000, 0x0000000100000000)
  eden space 4096K, 0% used [0x00000000d5580000,0x00000000d5580000,0x00000000d5980000)
  from space 1024K, 77% used [0x00000000d5980000,0x00000000d5a45200,0x00000000d5a80000)
  to   space 1024K, 0% used [0x00000000d5a80000,0x00000000d5a80000,0x00000000d5b80000)
 ParOldGen       total 420864K, used 420671K [0x0000000080000000, 0x0000000099b00000, 0x00000000d5580000)
  object space 420864K, 99% used [0x0000000080000000,0x0000000099acfd28,0x0000000099b00000)
 Metaspace       used 92935K, committed 94656K, reserved 1179648K
  class space    used 9747K, committed 10496K, reserved 1048576K
}
Event: 8339.553 GC heap before
{Heap before GC invocations=1680 (full 4):
 PSYoungGen      total 5120K, used 4884K [0x00000000d5580000, 0x00000000d5b80000, 0x0000000100000000)
  eden space 4096K, 100% used [0x00000000d5580000,0x00000000d5980000,0x00000000d5980000)
  from space 1024K, 77% used [0x00000000d5980000,0x00000000d5a45200,0x00000000d5a80000)
  to   space 1024K, 0% used [0x00000000d5a80000,0x00000000d5a80000,0x00000000d5b80000)
 ParOldGen       total 420864K, used 420671K [0x0000000080000000, 0x0000000099b00000, 0x00000000d5580000)
  object space 420864K, 99% used [0x0000000080000000,0x0000000099acfd28,0x0000000099b00000)
 Metaspace       used 92952K, committed 94656K, reserved 1179648K
  class space    used 9747K, committed 10496K, reserved 1048576K
}
Event: 8339.561 GC heap after
{Heap after GC invocations=1680 (full 4):
 PSYoungGen      total 4608K, used 186K [0x00000000d5580000, 0x00000000d5b00000, 0x0000000100000000)
  eden space 4096K, 0% used [0x00000000d5580000,0x00000000d5580000,0x00000000d5980000)
  from space 512K, 36% used [0x00000000d5a80000,0x00000000d5aae900,0x00000000d5b00000)
  to   space 512K, 0% used [0x00000000d5a00000,0x00000000d5a00000,0x00000000d5a80000)
 ParOldGen       total 421376K, used 420879K [0x0000000080000000, 0x0000000099b80000, 0x00000000d5580000)
  object space 421376K, 99% used [0x0000000080000000,0x0000000099b03d28,0x0000000099b80000)
 Metaspace       used 92952K, committed 94656K, reserved 1179648K
  class space    used 9747K, committed 10496K, reserved 1048576K
}
Event: 8339.753 GC heap before
{Heap before GC invocations=1681 (full 4):
 PSYoungGen      total 4608K, used 4196K [0x00000000d5580000, 0x00000000d5b00000, 0x0000000100000000)
  eden space 4096K, 97% used [0x00000000d5580000,0x00000000d596a9c0,0x00000000d5980000)
  from space 512K, 36% used [0x00000000d5a80000,0x00000000d5aae900,0x00000000d5b00000)
  to   space 512K, 0% used [0x00000000d5a00000,0x00000000d5a00000,0x00000000d5a80000)
 ParOldGen       total 421376K, used 420879K [0x0000000080000000, 0x0000000099b80000, 0x00000000d5580000)
  object space 421376K, 99% used [0x0000000080000000,0x0000000099b03d28,0x0000000099b80000)
 Metaspace       used 92964K, committed 94656K, reserved 1179648K
  class space    used 9747K, committed 10496K, reserved 1048576K
}
Event: 8339.755 GC heap after
{Heap after GC invocations=1681 (full 4):
 PSYoungGen      total 4608K, used 492K [0x00000000d5580000, 0x00000000d5b80000, 0x0000000100000000)
  eden space 4096K, 0% used [0x00000000d5580000,0x00000000d5580000,0x00000000d5980000)
  from space 512K, 96% used [0x00000000d5a00000,0x00000000d5a7b1d0,0x00000000d5a80000)
  to   space 1024K, 0% used [0x00000000d5a80000,0x00000000d5a80000,0x00000000d5b80000)
 ParOldGen       total 421376K, used 421031K [0x0000000080000000, 0x0000000099b80000, 0x00000000d5580000)
  object space 421376K, 99% used [0x0000000080000000,0x0000000099b29d28,0x0000000099b80000)
 Metaspace       used 92964K, committed 94656K, reserved 1179648K
  class space    used 9747K, committed 10496K, reserved 1048576K
}
Event: 8339.797 GC heap before
{Heap before GC invocations=1682 (full 4):
 PSYoungGen      total 4608K, used 4581K [0x00000000d5580000, 0x00000000d5b80000, 0x0000000100000000)
  eden space 4096K, 99% used [0x00000000d5580000,0x00000000d597e480,0x00000000d5980000)
  from space 512K, 96% used [0x00000000d5a00000,0x00000000d5a7b1d0,0x00000000d5a80000)
  to   space 1024K, 0% used [0x00000000d5a80000,0x00000000d5a80000,0x00000000d5b80000)
 ParOldGen       total 421376K, used 421031K [0x0000000080000000, 0x0000000099b80000, 0x00000000d5580000)
  object space 421376K, 99% used [0x0000000080000000,0x0000000099b29d28,0x0000000099b80000)
 Metaspace       used 92964K, committed 94656K, reserved 1179648K
  class space    used 9747K, committed 10496K, reserved 1048576K
}
Event: 8339.800 GC heap after
{Heap after GC invocations=1682 (full 4):
 PSYoungGen      total 1536K, used 1008K [0x00000000d5580000, 0x00000000d6280000, 0x0000000100000000)
  eden space 512K, 0% used [0x00000000d5580000,0x00000000d5580000,0x00000000d5600000)
  from space 1024K, 98% used [0x00000000d5a80000,0x00000000d5b7c118,0x00000000d5b80000)
  to   space 4608K, 0% used [0x00000000d5600000,0x00000000d5600000,0x00000000d5a80000)
 ParOldGen       total 423936K, used 423704K [0x0000000080000000, 0x0000000099e00000, 0x00000000d5580000)
  object space 423936K, 99% used [0x0000000080000000,0x0000000099dc6190,0x0000000099e00000)
 Metaspace       used 92964K, committed 94656K, reserved 1179648K
  class space    used 9747K, committed 10496K, reserved 1048576K
}
Event: 8339.806 GC heap before
{Heap before GC invocations=1683 (full 4):
 PSYoungGen      total 1536K, used 1520K [0x00000000d5580000, 0x00000000d6280000, 0x0000000100000000)
  eden space 512K, 100% used [0x00000000d5580000,0x00000000d5600000,0x00000000d5600000)
  from space 1024K, 98% used [0x00000000d5a80000,0x00000000d5b7c118,0x00000000d5b80000)
  to   space 4608K, 0% used [0x00000000d5600000,0x00000000d5600000,0x00000000d5a80000)
 ParOldGen       total 423936K, used 423704K [0x0000000080000000, 0x0000000099e00000, 0x00000000d5580000)
  object space 423936K, 99% used [0x0000000080000000,0x0000000099dc6190,0x0000000099e00000)
 Metaspace       used 92964K, committed 94656K, reserved 1179648K
  class space    used 9747K, committed 10496K, reserved 1048576K
}
Event: 8339.810 GC heap after
{Heap after GC invocations=1683 (full 4):
 PSYoungGen      total 1024K, used 497K [0x00000000d5580000, 0x00000000d5b00000, 0x0000000100000000)
  eden space 512K, 0% used [0x00000000d5580000,0x00000000d5580000,0x00000000d5600000)
  from space 512K, 97% used [0x00000000d5600000,0x00000000d567c4a0,0x00000000d5680000)
  to   space 2048K, 0% used [0x00000000d5900000,0x00000000d5900000,0x00000000d5b00000)
 ParOldGen       total 424960K, used 424717K [0x0000000080000000, 0x0000000099f00000, 0x00000000d5580000)
  object space 424960K, 99% used [0x0000000080000000,0x0000000099ec37b8,0x0000000099f00000)
 Metaspace       used 92964K, committed 94656K, reserved 1179648K
  class space    used 9747K, committed 10496K, reserved 1048576K
}
Event: 8339.816 GC heap before
{Heap before GC invocations=1684 (full 4):
 PSYoungGen      total 1024K, used 928K [0x00000000d5580000, 0x00000000d5b00000, 0x0000000100000000)
  eden space 512K, 84% used [0x00000000d5580000,0x00000000d55ebb90,0x00000000d5600000)
  from space 512K, 97% used [0x00000000d5600000,0x00000000d567c4a0,0x00000000d5680000)
  to   space 2048K, 0% used [0x00000000d5900000,0x00000000d5900000,0x00000000d5b00000)
 ParOldGen       total 424960K, used 424717K [0x0000000080000000, 0x0000000099f00000, 0x00000000d5580000)
  object space 424960K, 99% used [0x0000000080000000,0x0000000099ec37b8,0x0000000099f00000)
 Metaspace       used 92964K, committed 94656K, reserved 1179648K
  class space    used 9747K, committed 10496K, reserved 1048576K
}
Event: 8339.820 GC heap after
{Heap after GC invocations=1684 (full 4):
 PSYoungGen      total 1024K, used 419K [0x00000000d5580000, 0x00000000d5980000, 0x0000000100000000)
  eden space 512K, 0% used [0x00000000d5580000,0x00000000d5580000,0x00000000d5600000)
  from space 512K, 81% used [0x00000000d5900000,0x00000000d5968d50,0x00000000d5980000)
  to   space 1024K, 0% used [0x00000000d5780000,0x00000000d5780000,0x00000000d5880000)
 ParOldGen       total 425472K, used 425120K [0x0000000080000000, 0x0000000099f80000, 0x00000000d5580000)
  object space 425472K, 99% used [0x0000000080000000,0x0000000099f280d8,0x0000000099f80000)
 Metaspace       used 92964K, committed 94656K, reserved 1179648K
  class space    used 9747K, committed 10496K, reserved 1048576K
}
Event: 8339.826 GC heap before
{Heap before GC invocations=1685 (full 4):
 PSYoungGen      total 1024K, used 931K [0x00000000d5580000, 0x00000000d5980000, 0x0000000100000000)
  eden space 512K, 99% used [0x00000000d5580000,0x00000000d55fffd0,0x00000000d5600000)
  from space 512K, 81% used [0x00000000d5900000,0x00000000d5968d50,0x00000000d5980000)
  to   space 1024K, 0% used [0x00000000d5780000,0x00000000d5780000,0x00000000d5880000)
 ParOldGen       total 425472K, used 425120K [0x0000000080000000, 0x0000000099f80000, 0x00000000d5580000)
  object space 425472K, 99% used [0x0000000080000000,0x0000000099f280d8,0x0000000099f80000)
 Metaspace       used 92964K, committed 94656K, reserved 1179648K
  class space    used 9747K, committed 10496K, reserved 1048576K
}
Event: 8339.829 GC heap after
{Heap after GC invocations=1685 (full 4):
 PSYoungGen      total 2048K, used 615K [0x00000000d5580000, 0x00000000d5980000, 0x0000000100000000)
  eden space 1024K, 0% used [0x00000000d5580000,0x00000000d5580000,0x00000000d5680000)
  from space 1024K, 60% used [0x00000000d5780000,0x00000000d5819f70,0x00000000d5880000)
  to   space 1024K, 0% used [0x00000000d5880000,0x00000000d5880000,0x00000000d5980000)
 ParOldGen       total 425472K, used 425435K [0x0000000080000000, 0x0000000099f80000, 0x00000000d5580000)
  object space 425472K, 99% used [0x0000000080000000,0x0000000099f76f60,0x0000000099f80000)
 Metaspace       used 92964K, committed 94656K, reserved 1179648K
  class space    used 9747K, committed 10496K, reserved 1048576K
}
Event: 8339.834 GC heap before
{Heap before GC invocations=1686 (full 4):
 PSYoungGen      total 2048K, used 1339K [0x00000000d5580000, 0x00000000d5980000, 0x0000000100000000)
  eden space 1024K, 70% used [0x00000000d5580000,0x00000000d5634f28,0x00000000d5680000)
  from space 1024K, 60% used [0x00000000d5780000,0x00000000d5819f70,0x00000000d5880000)
  to   space 1024K, 0% used [0x00000000d5880000,0x00000000d5880000,0x00000000d5980000)
 ParOldGen       total 425472K, used 425435K [0x0000000080000000, 0x0000000099f80000, 0x00000000d5580000)
  object space 425472K, 99% used [0x0000000080000000,0x0000000099f76f60,0x0000000099f80000)
 Metaspace       used 92964K, committed 94656K, reserved 1179648K
  class space    used 9747K, committed 10496K, reserved 1048576K
}
Event: 8339.837 GC heap after
{Heap after GC invocations=1686 (full 4):
 PSYoungGen      total 2560K, used 777K [0x00000000d5580000, 0x00000000d5980000, 0x0000000100000000)
  eden space 1536K, 0% used [0x00000000d5580000,0x00000000d5580000,0x00000000d5700000)
  from space 1024K, 75% used [0x00000000d5880000,0x00000000d5942440,0x00000000d5980000)
  to   space 1024K, 0% used [0x00000000d5780000,0x00000000d5780000,0x00000000d5880000)
 ParOldGen       total 425984K, used 425876K [0x0000000080000000, 0x000000009a000000, 0x00000000d5580000)
  object space 425984K, 99% used [0x0000000080000000,0x0000000099fe52b0,0x000000009a000000)
 Metaspace       used 92964K, committed 94656K, reserved 1179648K
  class space    used 9747K, committed 10496K, reserved 1048576K
}
Event: 8339.849 GC heap before
{Heap before GC invocations=1687 (full 4):
 PSYoungGen      total 2560K, used 2313K [0x00000000d5580000, 0x00000000d5980000, 0x0000000100000000)
  eden space 1536K, 100% used [0x00000000d5580000,0x00000000d5700000,0x00000000d5700000)
  from space 1024K, 75% used [0x00000000d5880000,0x00000000d5942440,0x00000000d5980000)
  to   space 1024K, 0% used [0x00000000d5780000,0x00000000d5780000,0x00000000d5880000)
 ParOldGen       total 425984K, used 425876K [0x0000000080000000, 0x000000009a000000, 0x00000000d5580000)
  object space 425984K, 99% used [0x0000000080000000,0x0000000099fe52b0,0x000000009a000000)
 Metaspace       used 92964K, committed 94656K, reserved 1179648K
  class space    used 9747K, committed 10496K, reserved 1048576K
}
Event: 8339.852 GC heap after
{Heap after GC invocations=1687 (full 4):
 PSYoungGen      total 3072K, used 820K [0x00000000d5580000, 0x00000000d5980000, 0x0000000100000000)
  eden space 2048K, 0% used [0x00000000d5580000,0x00000000d5580000,0x00000000d5780000)
  from space 1024K, 80% used [0x00000000d5780000,0x00000000d584d1d0,0x00000000d5880000)
  to   space 1024K, 0% used [0x00000000d5880000,0x00000000d5880000,0x00000000d5980000)
 ParOldGen       total 427008K, used 426975K [0x0000000080000000, 0x000000009a100000, 0x00000000d5580000)
  object space 427008K, 99% used [0x0000000080000000,0x000000009a0f7d88,0x000000009a100000)
 Metaspace       used 92964K, committed 94656K, reserved 1179648K
  class space    used 9747K, committed 10496K, reserved 1048576K
}
Event: 8339.869 GC heap before
{Heap before GC invocations=1688 (full 4):
 PSYoungGen      total 3072K, used 2868K [0x00000000d5580000, 0x00000000d5980000, 0x0000000100000000)
  eden space 2048K, 100% used [0x00000000d5580000,0x00000000d5780000,0x00000000d5780000)
  from space 1024K, 80% used [0x00000000d5780000,0x00000000d584d1d0,0x00000000d5880000)
  to   space 1024K, 0% used [0x00000000d5880000,0x00000000d5880000,0x00000000d5980000)
 ParOldGen       total 427008K, used 426975K [0x0000000080000000, 0x000000009a100000, 0x00000000d5580000)
  object space 427008K, 99% used [0x0000000080000000,0x000000009a0f7d88,0x000000009a100000)
 Metaspace       used 92964K, committed 94656K, reserved 1179648K
  class space    used 9747K, committed 10496K, reserved 1048576K
}
Event: 8339.874 GC heap after
{Heap after GC invocations=1688 (full 4):
 PSYoungGen      total 2048K, used 1017K [0x00000000d5580000, 0x00000000d5c00000, 0x0000000100000000)
  eden space 1024K, 0% used [0x00000000d5580000,0x00000000d5580000,0x00000000d5680000)
  from space 1024K, 99% used [0x00000000d5880000,0x00000000d597e680,0x00000000d5980000)
  to   space 2048K, 0% used [0x00000000d5680000,0x00000000d5680000,0x00000000d5880000)
 ParOldGen       total 428032K, used 427708K [0x0000000080000000, 0x000000009a200000, 0x00000000d5580000)
  object space 428032K, 99% used [0x0000000080000000,0x000000009a1af3a8,0x000000009a200000)
 Metaspace       used 92964K, committed 94656K, reserved 1179648K
  class space    used 9747K, committed 10496K, reserved 1048576K
}
Event: 8340.615 GC heap before
{Heap before GC invocations=1689 (full 4):
 PSYoungGen      total 2048K, used 2041K [0x00000000d5580000, 0x00000000d5c00000, 0x0000000100000000)
  eden space 1024K, 100% used [0x00000000d5580000,0x00000000d5680000,0x00000000d5680000)
  from space 1024K, 99% used [0x00000000d5880000,0x00000000d597e680,0x00000000d5980000)
  to   space 2048K, 0% used [0x00000000d5680000,0x00000000d5680000,0x00000000d5880000)
 ParOldGen       total 428032K, used 427708K [0x0000000080000000, 0x000000009a200000, 0x00000000d5580000)
  object space 428032K, 99% used [0x0000000080000000,0x000000009a1af3a8,0x000000009a200000)
 Metaspace       used 92964K, committed 94656K, reserved 1179648K
  class space    used 9747K, committed 10496K, reserved 1048576K
}

