# JRE version: OpenJDK Runtime Environment Temurin-21.0.10+7 (21.0.10+7) (build 21.0.10+7-LTS)
# Java VM: OpenJDK 64-Bit Server VM Temurin-21.0.10+7 (21.0.10+7-LTS, mixed mode, sharing, tiered, compressed oops, compressed class ptrs, parallel gc, windows-amd64)
GC Precious Log:
 CardTable entry size: 512
 CPUs: 8 total, 8 available
 Memory: 8030M
 Large Page Support: Disabled
 NUMA Support: Disabled
 Compressed Oops: Enabled (32-bit)
 Alignments: Space 512K, Generation 512K, Heap 2M
 Heap Min Capacity: 100M
 Heap Initial Capacity: 100M
 Heap Max Capacity: 2G
 Pre-touch: Disabled
 Parallel Workers: 8
Heap:
 PSYoungGen      total 4096K, used 1121K [0x00000000d5580000, 0x00000000d5c80000, 0x0000000100000000)
  eden space 3072K, 12% used [0x00000000d5580000,0x00000000d55e1ed0,0x00000000d5880000)
  from space 1024K, 71% used [0x00000000d5a80000,0x00000000d5b36900,0x00000000d5b80000)
  to   space 1024K, 0% used [0x00000000d5b80000,0x00000000d5b80000,0x00000000d5c80000)
 ParOldGen       total 455168K, used 283112K [0x0000000080000000, 0x000000009bc80000, 0x00000000d5580000)
  object space 455168K, 62% used [0x0000000080000000,0x000000009147a108,0x000000009bc80000)
 Metaspace       used 76599K, committed 78336K, reserved 1179648K
  class space    used 7744K, committed 8512K, reserved 1048576K
GC Heap History (20 events):
Event: 1101.876 GC heap before
{Heap before GC invocations=1004 (full 4):
 PSYoungGen      total 6144K, used 5276K [0x00000000d5580000, 0x00000000d5f00000, 0x0000000100000000)
  eden space 5120K, 99% used [0x00000000d5580000,0x00000000d5a7f258,0x00000000d5a80000)
  from space 1024K, 15% used [0x00000000d5d00000,0x00000000d5d28000,0x00000000d5e00000)
  to   space 512K, 0% used [0x00000000d5e80000,0x00000000d5e80000,0x00000000d5f00000)
 ParOldGen       total 455168K, used 275970K [0x0000000080000000, 0x000000009bc80000, 0x00000000d5580000)
  object space 455168K, 60% used [0x0000000080000000,0x0000000090d809f8,0x000000009bc80000)
 Metaspace       used 76588K, committed 78336K, reserved 1179648K
  class space    used 7744K, committed 8512K, reserved 1048576K
}
Event: 1101.879 GC heap after
{Heap after GC invocations=1004 (full 4):
 PSYoungGen      total 5632K, used 160K [0x00000000d5580000, 0x00000000d5f00000, 0x0000000100000000)
  eden space 5120K, 0% used [0x00000000d5580000,0x00000000d5580000,0x00000000d5a80000)
  from space 512K, 31% used [0x00000000d5e80000,0x00000000d5ea8000,0x00000000d5f00000)
  to   space 512K, 0% used [0x00000000d5e00000,0x00000000d5e00000,0x00000000d5e80000)
 ParOldGen       total 455168K, used 276018K [0x0000000080000000, 0x000000009bc80000, 0x00000000d5580000)
  object space 455168K, 60% used [0x0000000080000000,0x0000000090d8c9f8,0x000000009bc80000)
 Metaspace       used 76588K, committed 78336K, reserved 1179648K
  class space    used 7744K, committed 8512K, reserved 1048576K
}
Event: 1102.884 GC heap before
{Heap before GC invocations=1005 (full 4):
 PSYoungGen      total 5632K, used 5280K [0x00000000d5580000, 0x00000000d5f00000, 0x0000000100000000)
  eden space 5120K, 100% used [0x00000000d5580000,0x00000000d5a80000,0x00000000d5a80000)
  from space 512K, 31% used [0x00000000d5e80000,0x00000000d5ea8000,0x00000000d5f00000)
  to   space 512K, 0% used [0x00000000d5e00000,0x00000000d5e00000,0x00000000d5e80000)
 ParOldGen       total 455168K, used 276018K [0x0000000080000000, 0x000000009bc80000, 0x00000000d5580000)
  object space 455168K, 60% used [0x0000000080000000,0x0000000090d8c9f8,0x000000009bc80000)
 Metaspace       used 76589K, committed 78336K, reserved 1179648K
  class space    used 7744K, committed 8512K, reserved 1048576K
}
Event: 1102.886 GC heap after
{Heap after GC invocations=1005 (full 4):
 PSYoungGen      total 5632K, used 192K [0x00000000d5580000, 0x00000000d5f00000, 0x0000000100000000)
  eden space 5120K, 0% used [0x00000000d5580000,0x00000000d5580000,0x00000000d5a80000)
  from space 512K, 37% used [0x00000000d5e00000,0x00000000d5e30000,0x00000000d5e80000)
  to   space 512K, 0% used [0x00000000d5e80000,0x00000000d5e80000,0x00000000d5f00000)
 ParOldGen       total 455168K, used 276034K [0x0000000080000000, 0x000000009bc80000, 0x00000000d5580000)
  object space 455168K, 60% used [0x0000000080000000,0x0000000090d909f8,0x000000009bc80000)
 Metaspace       used 76589K, committed 78336K, reserved 1179648K
  class space    used 7744K, committed 8512K, reserved 1048576K
}
Event: 1103.225 GC heap before
{Heap before GC invocations=1006 (full 4):
 PSYoungGen      total 5632K, used 5312K [0x00000000d5580000, 0x00000000d5f00000, 0x0000000100000000)
  eden space 5120K, 100% used [0x00000000d5580000,0x00000000d5a80000,0x00000000d5a80000)
  from space 512K, 37% used [0x00000000d5e00000,0x00000000d5e30000,0x00000000d5e80000)
  to   space 512K, 0% used [0x00000000d5e80000,0x00000000d5e80000,0x00000000d5f00000)
 ParOldGen       total 455168K, used 276034K [0x0000000080000000, 0x000000009bc80000, 0x00000000d5580000)
  object space 455168K, 60% used [0x0000000080000000,0x0000000090d909f8,0x000000009bc80000)
 Metaspace       used 76592K, committed 78336K, reserved 1179648K
  class space    used 7744K, committed 8512K, reserved 1048576K
}
Event: 1103.228 GC heap after
{Heap after GC invocations=1006 (full 4):
 PSYoungGen      total 5632K, used 494K [0x00000000d5580000, 0x00000000d5f00000, 0x0000000100000000)
  eden space 5120K, 0% used [0x00000000d5580000,0x00000000d5580000,0x00000000d5a80000)
  from space 512K, 96% used [0x00000000d5e80000,0x00000000d5efbb00,0x00000000d5f00000)
  to   space 1024K, 0% used [0x00000000d5d00000,0x00000000d5d00000,0x00000000d5e00000)
 ParOldGen       total 455168K, used 276226K [0x0000000080000000, 0x000000009bc80000, 0x00000000d5580000)
  object space 455168K, 60% used [0x0000000080000000,0x0000000090dc09f8,0x000000009bc80000)
 Metaspace       used 76592K, committed 78336K, reserved 1179648K
  class space    used 7744K, committed 8512K, reserved 1048576K
}
Event: 1103.308 GC heap before
{Heap before GC invocations=1007 (full 4):
 PSYoungGen      total 5632K, used 5599K [0x00000000d5580000, 0x00000000d5f00000, 0x0000000100000000)
  eden space 5120K, 99% used [0x00000000d5580000,0x00000000d5a7c320,0x00000000d5a80000)
  from space 512K, 96% used [0x00000000d5e80000,0x00000000d5efbb00,0x00000000d5f00000)
  to   space 1024K, 0% used [0x00000000d5d00000,0x00000000d5d00000,0x00000000d5e00000)
 ParOldGen       total 455168K, used 276226K [0x0000000080000000, 0x000000009bc80000, 0x00000000d5580000)
  object space 455168K, 60% used [0x0000000080000000,0x0000000090dc09f8,0x000000009bc80000)
 Metaspace       used 76595K, committed 78336K, reserved 1179648K
  class space    used 7744K, committed 8512K, reserved 1048576K
}
Event: 1103.310 GC heap after
{Heap after GC invocations=1007 (full 4):
 PSYoungGen      total 6144K, used 1020K [0x00000000d5580000, 0x00000000d5f00000, 0x0000000100000000)
  eden space 5120K, 0% used [0x00000000d5580000,0x00000000d5580000,0x00000000d5a80000)
  from space 1024K, 99% used [0x00000000d5d00000,0x00000000d5dff388,0x00000000d5e00000)
  to   space 1024K, 0% used [0x00000000d5e00000,0x00000000d5e00000,0x00000000d5f00000)
 ParOldGen       total 455168K, used 276999K [0x0000000080000000, 0x000000009bc80000, 0x00000000d5580000)
  object space 455168K, 60% used [0x0000000080000000,0x0000000090e81c08,0x000000009bc80000)
 Metaspace       used 76595K, committed 78336K, reserved 1179648K
  class space    used 7744K, committed 8512K, reserved 1048576K
}
Event: 1103.424 GC heap before
{Heap before GC invocations=1008 (full 4):
 PSYoungGen      total 6144K, used 6086K [0x00000000d5580000, 0x00000000d5f00000, 0x0000000100000000)
  eden space 5120K, 98% used [0x00000000d5580000,0x00000000d5a72508,0x00000000d5a80000)
  from space 1024K, 99% used [0x00000000d5d00000,0x00000000d5dff388,0x00000000d5e00000)
  to   space 1024K, 0% used [0x00000000d5e00000,0x00000000d5e00000,0x00000000d5f00000)
 ParOldGen       total 455168K, used 276999K [0x0000000080000000, 0x000000009bc80000, 0x00000000d5580000)
  object space 455168K, 60% used [0x0000000080000000,0x0000000090e81c08,0x000000009bc80000)
 Metaspace       used 76595K, committed 78336K, reserved 1179648K
  class space    used 7744K, committed 8512K, reserved 1048576K
}
Event: 1103.426 GC heap after
{Heap after GC invocations=1008 (full 4):
 PSYoungGen      total 4096K, used 1008K [0x00000000d5580000, 0x00000000d6580000, 0x0000000100000000)
  eden space 3072K, 0% used [0x00000000d5580000,0x00000000d5580000,0x00000000d5880000)
  from space 1024K, 98% used [0x00000000d5e00000,0x00000000d5efc3c8,0x00000000d5f00000)
  to   space 5632K, 0% used [0x00000000d5880000,0x00000000d5880000,0x00000000d5e00000)
 ParOldGen       total 455168K, used 280657K [0x0000000080000000, 0x000000009bc80000, 0x00000000d5580000)
  object space 455168K, 61% used [0x0000000080000000,0x0000000091214778,0x000000009bc80000)
 Metaspace       used 76595K, committed 78336K, reserved 1179648K
  class space    used 7744K, committed 8512K, reserved 1048576K
}
Event: 1103.463 GC heap before
{Heap before GC invocations=1009 (full 4):
 PSYoungGen      total 4096K, used 4080K [0x00000000d5580000, 0x00000000d6580000, 0x0000000100000000)
  eden space 3072K, 100% used [0x00000000d5580000,0x00000000d5880000,0x00000000d5880000)
  from space 1024K, 98% used [0x00000000d5e00000,0x00000000d5efc3c8,0x00000000d5f00000)
  to   space 5632K, 0% used [0x00000000d5880000,0x00000000d5880000,0x00000000d5e00000)
 ParOldGen       total 455168K, used 280657K [0x0000000080000000, 0x000000009bc80000, 0x00000000d5580000)
  object space 455168K, 61% used [0x0000000080000000,0x0000000091214778,0x000000009bc80000)
 Metaspace       used 76597K, committed 78336K, reserved 1179648K
  class space    used 7744K, committed 8512K, reserved 1048576K
}
Event: 1103.467 GC heap after
{Heap after GC invocations=1009 (full 4):
 PSYoungGen      total 5632K, used 2423K [0x00000000d5580000, 0x00000000d5f80000, 0x0000000100000000)
  eden space 3072K, 0% used [0x00000000d5580000,0x00000000d5580000,0x00000000d5880000)
  from space 2560K, 94% used [0x00000000d5880000,0x00000000d5addc48,0x00000000d5b00000)
  to   space 3584K, 0% used [0x00000000d5c00000,0x00000000d5c00000,0x00000000d5f80000)
 ParOldGen       total 455168K, used 281675K [0x0000000080000000, 0x000000009bc80000, 0x00000000d5580000)
  object space 455168K, 61% used [0x0000000080000000,0x0000000091312ec8,0x000000009bc80000)
 Metaspace       used 76597K, committed 78336K, reserved 1179648K
  class space    used 7744K, committed 8512K, reserved 1048576K
}
Event: 1103.524 GC heap before
{Heap before GC invocations=1010 (full 4):
 PSYoungGen      total 5632K, used 5495K [0x00000000d5580000, 0x00000000d5f80000, 0x0000000100000000)
  eden space 3072K, 100% used [0x00000000d5580000,0x00000000d5880000,0x00000000d5880000)
  from space 2560K, 94% used [0x00000000d5880000,0x00000000d5addc48,0x00000000d5b00000)
  to   space 3584K, 0% used [0x00000000d5c00000,0x00000000d5c00000,0x00000000d5f80000)
 ParOldGen       total 455168K, used 281675K [0x0000000080000000, 0x000000009bc80000, 0x00000000d5580000)
  object space 455168K, 61% used [0x0000000080000000,0x0000000091312ec8,0x000000009bc80000)
 Metaspace       used 76599K, committed 78336K, reserved 1179648K
  class space    used 7744K, committed 8512K, reserved 1048576K
}
Event: 1103.527 GC heap after
{Heap after GC invocations=1010 (full 4):
 PSYoungGen      total 3584K, used 314K [0x00000000d5580000, 0x00000000d5c80000, 0x0000000100000000)
  eden space 3072K, 0% used [0x00000000d5580000,0x00000000d5580000,0x00000000d5880000)
  from space 512K, 61% used [0x00000000d5c00000,0x00000000d5c4e900,0x00000000d5c80000)
  to   space 1536K, 0% used [0x00000000d5980000,0x00000000d5980000,0x00000000d5b00000)
 ParOldGen       total 455168K, used 282363K [0x0000000080000000, 0x000000009bc80000, 0x00000000d5580000)
  object space 455168K, 62% used [0x0000000080000000,0x00000000913beed8,0x000000009bc80000)
 Metaspace       used 76599K, committed 78336K, reserved 1179648K
  class space    used 7744K, committed 8512K, reserved 1048576K
}
Event: 1104.862 GC heap before
{Heap before GC invocations=1011 (full 4):
 PSYoungGen      total 3584K, used 3386K [0x00000000d5580000, 0x00000000d5c80000, 0x0000000100000000)
  eden space 3072K, 100% used [0x00000000d5580000,0x00000000d5880000,0x00000000d5880000)
  from space 512K, 61% used [0x00000000d5c00000,0x00000000d5c4e900,0x00000000d5c80000)
  to   space 1536K, 0% used [0x00000000d5980000,0x00000000d5980000,0x00000000d5b00000)
 ParOldGen       total 455168K, used 282363K [0x0000000080000000, 0x000000009bc80000, 0x00000000d5580000)
  object space 455168K, 62% used [0x0000000080000000,0x00000000913beed8,0x000000009bc80000)
 Metaspace       used 76599K, committed 78336K, reserved 1179648K
  class space    used 7744K, committed 8512K, reserved 1048576K
}
Event: 1104.866 GC heap after
{Heap after GC invocations=1011 (full 4):
 PSYoungGen      total 4608K, used 282K [0x00000000d5580000, 0x00000000d5c80000, 0x0000000100000000)
  eden space 3072K, 0% used [0x00000000d5580000,0x00000000d5580000,0x00000000d5880000)
  from space 1536K, 18% used [0x00000000d5980000,0x00000000d59c6920,0x00000000d5b00000)
  to   space 512K, 0% used [0x00000000d5c00000,0x00000000d5c00000,0x00000000d5c80000)
 ParOldGen       total 455168K, used 282491K [0x0000000080000000, 0x000000009bc80000, 0x00000000d5580000)
  object space 455168K, 62% used [0x0000000080000000,0x00000000913deed8,0x000000009bc80000)
 Metaspace       used 76599K, committed 78336K, reserved 1179648K
  class space    used 7744K, committed 8512K, reserved 1048576K
}
Event: 1104.884 GC heap before
{Heap before GC invocations=1012 (full 4):
 PSYoungGen      total 4608K, used 3354K [0x00000000d5580000, 0x00000000d5c80000, 0x0000000100000000)
  eden space 3072K, 99% used [0x00000000d5580000,0x00000000d587fff8,0x00000000d5880000)
  from space 1536K, 18% used [0x00000000d5980000,0x00000000d59c6920,0x00000000d5b00000)
  to   space 512K, 0% used [0x00000000d5c00000,0x00000000d5c00000,0x00000000d5c80000)
 ParOldGen       total 455168K, used 282491K [0x0000000080000000, 0x000000009bc80000, 0x00000000d5580000)
  object space 455168K, 62% used [0x0000000080000000,0x00000000913deed8,0x000000009bc80000)
 Metaspace       used 76599K, committed 78336K, reserved 1179648K
  class space    used 7744K, committed 8512K, reserved 1048576K
}
Event: 1104.886 GC heap after
{Heap after GC invocations=1012 (full 4):
 PSYoungGen      total 3584K, used 496K [0x00000000d5580000, 0x00000000d5c80000, 0x0000000100000000)
  eden space 3072K, 0% used [0x00000000d5580000,0x00000000d5580000,0x00000000d5880000)
  from space 512K, 96% used [0x00000000d5c00000,0x00000000d5c7c010,0x00000000d5c80000)
  to   space 1024K, 0% used [0x00000000d5a80000,0x00000000d5a80000,0x00000000d5b80000)
 ParOldGen       total 455168K, used 282688K [0x0000000080000000, 0x000000009bc80000, 0x00000000d5580000)
  object space 455168K, 62% used [0x0000000080000000,0x00000000914100f8,0x000000009bc80000)
 Metaspace       used 76599K, committed 78336K, reserved 1179648K
  class space    used 7744K, committed 8512K, reserved 1048576K
}
Event: 1104.899 GC heap before
{Heap before GC invocations=1013 (full 4):
 PSYoungGen      total 3584K, used 3568K [0x00000000d5580000, 0x00000000d5c80000, 0x0000000100000000)
  eden space 3072K, 100% used [0x00000000d5580000,0x00000000d5880000,0x00000000d5880000)
  from space 512K, 96% used [0x00000000d5c00000,0x00000000d5c7c010,0x00000000d5c80000)
  to   space 1024K, 0% used [0x00000000d5a80000,0x00000000d5a80000,0x00000000d5b80000)
 ParOldGen       total 455168K, used 282688K [0x0000000080000000, 0x000000009bc80000, 0x00000000d5580000)
  object space 455168K, 62% used [0x0000000080000000,0x00000000914100f8,0x000000009bc80000)
 Metaspace       used 76599K, committed 78336K, reserved 1179648K
  class space    used 7744K, committed 8512K, reserved 1048576K
}
Event: 1104.901 GC heap after
{Heap after GC invocations=1013 (full 4):
 PSYoungGen      total 4096K, used 730K [0x00000000d5580000, 0x00000000d5c80000, 0x0000000100000000)
  eden space 3072K, 0% used [0x00000000d5580000,0x00000000d5580000,0x00000000d5880000)
  from space 1024K, 71% used [0x00000000d5a80000,0x00000000d5b36900,0x00000000d5b80000)
  to   space 1024K, 0% used [0x00000000d5b80000,0x00000000d5b80000,0x00000000d5c80000)
 ParOldGen       total 455168K, used 283112K [0x0000000080000000, 0x000000009bc80000, 0x00000000d5580000)
  object space 455168K, 62% used [0x0000000080000000,0x000000009147a108,0x000000009bc80000)
 Metaspace       used 76599K, committed 78336K, reserved 1179648K
  class space    used 7744K, committed 8512K, reserved 1048576K
}

