# JRE version: Java(TM) SE Runtime Environment (21.0.2+13) (build 21.0.2+13-LTS-58)
# Java VM: Java HotSpot(TM) 64-Bit Server VM (21.0.2+13-LTS-58, mixed mode, sharing, tiered, compressed oops, compressed class ptrs, g1 gc, windows-amd64)
GC Precious Log:
 CardTable entry size: 512
 Card Set container configuration: InlinePtr #cards 5 size 8 Array Of Cards #cards 12 size 40 Howl #buckets 4 coarsen threshold 1843 Howl Bitmap #cards 512 size 80 coarsen threshold 460 Card regions per heap region 1 cards per card region 2048
 CPUs: 8 total, 8 available
 Memory: 8030M
 Large Page Support: Disabled
 NUMA Support: Disabled
 Compressed Oops: Enabled (32-bit)
 Heap Region Size: 1M
 Heap Min Capacity: 8M
 Heap Initial Capacity: 126M
 Heap Max Capacity: 2008M
 Pre-touch: Disabled
 Parallel Workers: 8
 Concurrent Workers: 2
 Concurrent Refinement Workers: 8
 Periodic GC: Disabled
Heap:
 garbage-first heap   total 129024K, used 59381K [0x0000000082800000, 0x0000000100000000)
  region size 1024K, 47 young (48128K), 4 survivors (4096K)
 Metaspace       used 19712K, committed 20032K, reserved 1114112K
  class space    used 2200K, committed 2368K, reserved 1048576K
GC Heap History (8 events):
Event: 1.437 GC heap before
{Heap before GC invocations=0 (full 0):
 garbage-first heap   total 129024K, used 23552K [0x0000000082800000, 0x0000000100000000)
  region size 1024K, 23 young (23552K), 0 survivors (0K)
 Metaspace       used 5631K, committed 5824K, reserved 1114112K
  class space    used 660K, committed 768K, reserved 1048576K
}
Event: 1.452 GC heap after
{Heap after GC invocations=1 (full 0):
 garbage-first heap   total 129024K, used 3766K [0x0000000082800000, 0x0000000100000000)
  region size 1024K, 3 young (3072K), 3 survivors (3072K)
 Metaspace       used 5631K, committed 5824K, reserved 1114112K
  class space    used 660K, committed 768K, reserved 1048576K
}
Event: 2.579 GC heap before
{Heap before GC invocations=1 (full 0):
 garbage-first heap   total 129024K, used 34486K [0x0000000082800000, 0x0000000100000000)
  region size 1024K, 33 young (33792K), 3 survivors (3072K)
 Metaspace       used 9640K, committed 9792K, reserved 1114112K
  class space    used 1146K, committed 1216K, reserved 1048576K
}
Event: 2.590 GC heap after
{Heap after GC invocations=2 (full 0):
 garbage-first heap   total 129024K, used 5668K [0x0000000082800000, 0x0000000100000000)
  region size 1024K, 2 young (2048K), 2 survivors (2048K)
 Metaspace       used 9640K, committed 9792K, reserved 1114112K
  class space    used 1146K, committed 1216K, reserved 1048576K
}
Event: 5.473 GC heap before
{Heap before GC invocations=2 (full 0):
 garbage-first heap   total 129024K, used 80420K [0x0000000082800000, 0x0000000100000000)
  region size 1024K, 75 young (76800K), 2 survivors (2048K)
 Metaspace       used 15894K, committed 16192K, reserved 1114112K
  class space    used 1867K, committed 1984K, reserved 1048576K
}
Event: 5.501 GC heap after
{Heap after GC invocations=3 (full 0):
 garbage-first heap   total 129024K, used 13936K [0x0000000082800000, 0x0000000100000000)
  region size 1024K, 10 young (10240K), 10 survivors (10240K)
 Metaspace       used 15894K, committed 16192K, reserved 1114112K
  class space    used 1867K, committed 1984K, reserved 1048576K
}
Event: 8.047 GC heap before
{Heap before GC invocations=3 (full 0):
 garbage-first heap   total 129024K, used 113264K [0x0000000082800000, 0x0000000100000000)
  region size 1024K, 75 young (76800K), 10 survivors (10240K)
 Metaspace       used 18432K, committed 18752K, reserved 1114112K
  class space    used 2084K, committed 2240K, reserved 1048576K
}
Event: 8.080 GC heap after
{Heap after GC invocations=4 (full 0):
 garbage-first heap   total 129024K, used 16373K [0x0000000082800000, 0x0000000100000000)
  region size 1024K, 4 young (4096K), 4 survivors (4096K)
 Metaspace       used 18432K, committed 18752K, reserved 1114112K
  class space    used 2084K, committed 2240K, reserved 1048576K
}

